This file contains any messages produced by compilers while
running configure, to aid debugging if configure makes a mistake.

It was created by isl configure 0.24, which was
generated by GNU Autoconf 2.69.  Invocation command line was

  $ /home/azpep/桌面/i686-elf-toolkit/gcc-12.1.0/isl/configure --srcdir=../../isl --cache-file=./config.cache --prefix=/usr/local --disable-nls --without-headers --enable-languages=c,c++,lto --program-transform-name=s&^&i686-elf-& --disable-option-checking --build=x86_64-pc-linux-gnu --host=x86_64-pc-linux-gnu --target=i686-elf --disable-shared --with-gmp-builddir=/home/azpep/桌面/i686-elf-toolkit/gcc-12.1.0/build/./gmp

## --------- ##
## Platform. ##
## --------- ##

hostname = azpep-A68P
uname -m = x86_64
uname -r = 5.15.0-43-generic
uname -s = Linux
uname -v = #46-Ubuntu SMP Tue Jul 12 10:30:17 UTC 2022

/usr/bin/uname -p = x86_64
/bin/uname -X     = unknown

/bin/arch              = x86_64
/usr/bin/arch -k       = unknown
/usr/convex/getsysinfo = unknown
/usr/bin/hostinfo      = unknown
/bin/machine           = unknown
/usr/bin/oslevel       = unknown
/bin/universe          = unknown

PATH: /usr/local/sbin
PATH: /usr/local/bin
PATH: /usr/sbin
PATH: /usr/bin
PATH: /sbin
PATH: /bin
PATH: /usr/games
PATH: /usr/local/games
PATH: /snap/bin
PATH: /snap/bin


## ----------- ##
## Core tests. ##
## ----------- ##

configure:2653: creating cache ./config.cache
configure:2772: checking for a BSD-compatible install
configure:2840: result: /usr/bin/install -c
configure:2851: checking whether build environment is sane
configure:2906: result: yes
configure:3057: checking for a thread-safe mkdir -p
configure:3096: result: /usr/bin/mkdir -p
configure:3103: checking for gawk
configure:3130: result: mawk
configure:3141: checking whether make sets $(MAKE)
configure:3163: result: yes
configure:3192: checking whether make supports nested variables
configure:3209: result: yes
configure:3346: checking whether make supports nested variables
configure:3363: result: yes
configure:3397: checking for x86_64-pc-linux-gnu-gcc
configure:3424: result: gcc
configure:3693: checking for C compiler version
configure:3702: gcc --version >&5
gcc (Ubuntu 11.2.0-19ubuntu1) 11.2.0
Copyright (C) 2021 Free Software Foundation, Inc.
This is free software; see the source for copying conditions.  There is NO
warranty; not even for MERCHANTABILITY or FITNESS FOR A PARTICULAR PURPOSE.

configure:3713: $? = 0
configure:3702: gcc -v >&5
Using built-in specs.
COLLECT_GCC=gcc
COLLECT_LTO_WRAPPER=/usr/lib/gcc/x86_64-linux-gnu/11/lto-wrapper
OFFLOAD_TARGET_NAMES=nvptx-none:amdgcn-amdhsa
OFFLOAD_TARGET_DEFAULT=1
Target: x86_64-linux-gnu
Configured with: ../src/configure -v --with-pkgversion='Ubuntu 11.2.0-19ubuntu1' --with-bugurl=file:///usr/share/doc/gcc-11/README.Bugs --enable-languages=c,ada,c++,go,brig,d,fortran,objc,obj-c++,m2 --prefix=/usr --with-gcc-major-version-only --program-suffix=-11 --program-prefix=x86_64-linux-gnu- --enable-shared --enable-linker-build-id --libexecdir=/usr/lib --without-included-gettext --enable-threads=posix --libdir=/usr/lib --enable-nls --enable-bootstrap --enable-clocale=gnu --enable-libstdcxx-debug --enable-libstdcxx-time=yes --with-default-libstdcxx-abi=new --enable-gnu-unique-object --disable-vtable-verify --enable-plugin --enable-default-pie --with-system-zlib --enable-libphobos-checking=release --with-target-system-zlib=auto --enable-objc-gc=auto --enable-multiarch --disable-werror --enable-cet --with-arch-32=i686 --with-abi=m64 --with-multilib-list=m32,m64,mx32 --enable-multilib --with-tune=generic --enable-offload-targets=nvptx-none=/build/gcc-11-gBFGDP/gcc-11-11.2.0/debian/tmp-nvptx/usr,amdgcn-amdhsa=/build/gcc-11-gBFGDP/gcc-11-11.2.0/debian/tmp-gcn/usr --without-cuda-driver --enable-checking=release --build=x86_64-linux-gnu --host=x86_64-linux-gnu --target=x86_64-linux-gnu --with-build-config=bootstrap-lto-lean --enable-link-serialization=2
Thread model: posix
Supported LTO compression algorithms: zlib zstd
gcc version 11.2.0 (Ubuntu 11.2.0-19ubuntu1) 
... rest of stderr output deleted ...
configure:3713: $? = 0
configure:3702: gcc -V >&5
gcc: error: unrecognized command-line option '-V'
gcc: fatal error: no input files
compilation terminated.
configure:3713: $? = 1
configure:3702: gcc -qversion >&5
gcc: error: unrecognized command-line option '-qversion'; did you mean '--version'?
gcc: fatal error: no input files
compilation terminated.
configure:3713: $? = 1
configure:3733: checking whether the C compiler works
configure:3755: gcc -g -O2    -static-libstdc++ -static-libgcc  conftest.c  >&5
configure:3759: $? = 0
configure:3807: result: yes
configure:3810: checking for C compiler default output file name
configure:3812: result: a.out
configure:3818: checking for suffix of executables
configure:3825: gcc -o conftest -g -O2    -static-libstdc++ -static-libgcc  conftest.c  >&5
configure:3829: $? = 0
configure:3851: result: 
configure:3873: checking whether we are cross compiling
configure:3881: gcc -o conftest -g -O2    -static-libstdc++ -static-libgcc  conftest.c  >&5
configure:3885: $? = 0
configure:3892: ./conftest
configure:3896: $? = 0
configure:3911: result: no
configure:3916: checking for suffix of object files
configure:3938: gcc -c -g -O2    conftest.c >&5
configure:3942: $? = 0
configure:3963: result: o
configure:3967: checking whether we are using the GNU C compiler
configure:3986: gcc -c -g -O2    conftest.c >&5
configure:3986: $? = 0
configure:3995: result: yes
configure:4004: checking whether gcc accepts -g
configure:4024: gcc -c -g  conftest.c >&5
configure:4024: $? = 0
configure:4065: result: yes
configure:4082: checking for gcc option to accept ISO C89
configure:4145: gcc  -c -g -O2    conftest.c >&5
configure:4145: $? = 0
configure:4158: result: none needed
configure:4183: checking whether gcc understands -c and -o together
configure:4205: gcc -c conftest.c -o conftest2.o
configure:4208: $? = 0
configure:4205: gcc -c conftest.c -o conftest2.o
configure:4208: $? = 0
configure:4220: result: yes
configure:4240: checking whether make supports the include directive
configure:4255: make -f confmf.GNU && cat confinc.out
make[1]: Entering directory '/home/azpep/桌面/i686-elf-toolkit/gcc-12.1.0/build/isl'
make[1]: Leaving directory '/home/azpep/桌面/i686-elf-toolkit/gcc-12.1.0/build/isl'
this is the am__doit target
configure:4258: $? = 0
configure:4277: result: yes (GNU style)
configure:4302: checking dependency style of gcc
configure:4413: result: gcc3
configure:4540: checking for C++ compiler version
configure:4549: g++ --version >&5
g++ (Ubuntu 11.2.0-19ubuntu1) 11.2.0
Copyright (C) 2021 Free Software Foundation, Inc.
This is free software; see the source for copying conditions.  There is NO
warranty; not even for MERCHANTABILITY or FITNESS FOR A PARTICULAR PURPOSE.

configure:4560: $? = 0
configure:4549: g++ -v >&5
Using built-in specs.
COLLECT_GCC=g++
COLLECT_LTO_WRAPPER=/usr/lib/gcc/x86_64-linux-gnu/11/lto-wrapper
OFFLOAD_TARGET_NAMES=nvptx-none:amdgcn-amdhsa
OFFLOAD_TARGET_DEFAULT=1
Target: x86_64-linux-gnu
Configured with: ../src/configure -v --with-pkgversion='Ubuntu 11.2.0-19ubuntu1' --with-bugurl=file:///usr/share/doc/gcc-11/README.Bugs --enable-languages=c,ada,c++,go,brig,d,fortran,objc,obj-c++,m2 --prefix=/usr --with-gcc-major-version-only --program-suffix=-11 --program-prefix=x86_64-linux-gnu- --enable-shared --enable-linker-build-id --libexecdir=/usr/lib --without-included-gettext --enable-threads=posix --libdir=/usr/lib --enable-nls --enable-bootstrap --enable-clocale=gnu --enable-libstdcxx-debug --enable-libstdcxx-time=yes --with-default-libstdcxx-abi=new --enable-gnu-unique-object --disable-vtable-verify --enable-plugin --enable-default-pie --with-system-zlib --enable-libphobos-checking=release --with-target-system-zlib=auto --enable-objc-gc=auto --enable-multiarch --disable-werror --enable-cet --with-arch-32=i686 --with-abi=m64 --with-multilib-list=m32,m64,mx32 --enable-multilib --with-tune=generic --enable-offload-targets=nvptx-none=/build/gcc-11-gBFGDP/gcc-11-11.2.0/debian/tmp-nvptx/usr,amdgcn-amdhsa=/build/gcc-11-gBFGDP/gcc-11-11.2.0/debian/tmp-gcn/usr --without-cuda-driver --enable-checking=release --build=x86_64-linux-gnu --host=x86_64-linux-gnu --target=x86_64-linux-gnu --with-build-config=bootstrap-lto-lean --enable-link-serialization=2
Thread model: posix
Supported LTO compression algorithms: zlib zstd
gcc version 11.2.0 (Ubuntu 11.2.0-19ubuntu1) 
... rest of stderr output deleted ...
configure:4560: $? = 0
configure:4549: g++ -V >&5
g++: error: unrecognized command-line option '-V'
g++: fatal error: no input files
compilation terminated.
configure:4560: $? = 1
configure:4549: g++ -qversion >&5
g++: error: unrecognized command-line option '-qversion'; did you mean '--version'?
g++: fatal error: no input files
compilation terminated.
configure:4560: $? = 1
configure:4564: checking whether we are using the GNU C++ compiler
configure:4583: g++ -c -g -O2    conftest.cpp >&5
configure:4583: $? = 0
configure:4592: result: yes
configure:4601: checking whether g++ accepts -g
configure:4621: g++ -c -g  conftest.cpp >&5
configure:4621: $? = 0
configure:4662: result: yes
configure:4687: checking dependency style of g++
configure:4798: result: gcc3
configure:4818: checking how to run the C preprocessor
configure:4849: gcc -E  conftest.c
configure:4849: $? = 0
configure:4863: gcc -E  conftest.c
conftest.c:11:10: fatal error: ac_nonexistent.h: No such file or directory
   11 | #include <ac_nonexistent.h>
      |          ^~~~~~~~~~~~~~~~~~
compilation terminated.
configure:4863: $? = 1
configure: failed program was:
| /* confdefs.h */
| #define PACKAGE_NAME "isl"
| #define PACKAGE_TARNAME "isl"
| #define PACKAGE_VERSION "0.24"
| #define PACKAGE_STRING "isl 0.24"
| #define PACKAGE_BUGREPORT "isl-development@googlegroups.com"
| #define PACKAGE_URL ""
| #define PACKAGE "isl"
| #define VERSION "0.24"
| /* end confdefs.h.  */
| #include <ac_nonexistent.h>
configure:4888: result: gcc -E
configure:4908: gcc -E  conftest.c
configure:4908: $? = 0
configure:4922: gcc -E  conftest.c
conftest.c:11:10: fatal error: ac_nonexistent.h: No such file or directory
   11 | #include <ac_nonexistent.h>
      |          ^~~~~~~~~~~~~~~~~~
compilation terminated.
configure:4922: $? = 1
configure: failed program was:
| /* confdefs.h */
| #define PACKAGE_NAME "isl"
| #define PACKAGE_TARNAME "isl"
| #define PACKAGE_VERSION "0.24"
| #define PACKAGE_STRING "isl 0.24"
| #define PACKAGE_BUGREPORT "isl-development@googlegroups.com"
| #define PACKAGE_URL ""
| #define PACKAGE "isl"
| #define VERSION "0.24"
| /* end confdefs.h.  */
| #include <ac_nonexistent.h>
configure:4954: checking build system type
configure:4968: result: x86_64-pc-linux-gnu
configure:5013: checking for x86_64-pc-linux-gnu-gcc
configure:5040: result: gcc
configure:5309: checking for C compiler version
configure:5318: gcc --version >&5
gcc (Ubuntu 11.2.0-19ubuntu1) 11.2.0
Copyright (C) 2021 Free Software Foundation, Inc.
This is free software; see the source for copying conditions.  There is NO
warranty; not even for MERCHANTABILITY or FITNESS FOR A PARTICULAR PURPOSE.

configure:5329: $? = 0
configure:5318: gcc -v >&5
Using built-in specs.
COLLECT_GCC=gcc
COLLECT_LTO_WRAPPER=/usr/lib/gcc/x86_64-linux-gnu/11/lto-wrapper
OFFLOAD_TARGET_NAMES=nvptx-none:amdgcn-amdhsa
OFFLOAD_TARGET_DEFAULT=1
Target: x86_64-linux-gnu
Configured with: ../src/configure -v --with-pkgversion='Ubuntu 11.2.0-19ubuntu1' --with-bugurl=file:///usr/share/doc/gcc-11/README.Bugs --enable-languages=c,ada,c++,go,brig,d,fortran,objc,obj-c++,m2 --prefix=/usr --with-gcc-major-version-only --program-suffix=-11 --program-prefix=x86_64-linux-gnu- --enable-shared --enable-linker-build-id --libexecdir=/usr/lib --without-included-gettext --enable-threads=posix --libdir=/usr/lib --enable-nls --enable-bootstrap --enable-clocale=gnu --enable-libstdcxx-debug --enable-libstdcxx-time=yes --with-default-libstdcxx-abi=new --enable-gnu-unique-object --disable-vtable-verify --enable-plugin --enable-default-pie --with-system-zlib --enable-libphobos-checking=release --with-target-system-zlib=auto --enable-objc-gc=auto --enable-multiarch --disable-werror --enable-cet --with-arch-32=i686 --with-abi=m64 --with-multilib-list=m32,m64,mx32 --enable-multilib --with-tune=generic --enable-offload-targets=nvptx-none=/build/gcc-11-gBFGDP/gcc-11-11.2.0/debian/tmp-nvptx/usr,amdgcn-amdhsa=/build/gcc-11-gBFGDP/gcc-11-11.2.0/debian/tmp-gcn/usr --without-cuda-driver --enable-checking=release --build=x86_64-linux-gnu --host=x86_64-linux-gnu --target=x86_64-linux-gnu --with-build-config=bootstrap-lto-lean --enable-link-serialization=2
Thread model: posix
Supported LTO compression algorithms: zlib zstd
gcc version 11.2.0 (Ubuntu 11.2.0-19ubuntu1) 
... rest of stderr output deleted ...
configure:5329: $? = 0
configure:5318: gcc -V >&5
gcc: error: unrecognized command-line option '-V'
gcc: fatal error: no input files
compilation terminated.
configure:5329: $? = 1
configure:5318: gcc -qversion >&5
gcc: error: unrecognized command-line option '-qversion'; did you mean '--version'?
gcc: fatal error: no input files
compilation terminated.
configure:5329: $? = 1
configure:5333: checking whether we are using the GNU C compiler
configure:5361: result: yes
configure:5370: checking whether gcc accepts -g
configure:5390: gcc -c -g  conftest.c >&5
configure:5390: $? = 0
configure:5431: result: yes
configure:5448: checking for gcc option to accept ISO C89
configure:5511: gcc  -c -g  conftest.c >&5
configure:5511: $? = 0
configure:5524: result: none needed
configure:5549: checking whether gcc understands -c and -o together
configure:5571: gcc -c conftest.c -o conftest2.
configure:5574: $? = 0
configure:5571: gcc -c conftest.c -o conftest2.
configure:5574: $? = 0
configure:5586: result: yes
configure:5605: checking dependency style of gcc
configure:5716: result: gcc3
configure:5747: checking whether the C compiler works
configure:5769: gcc -g   conftest.c  >&5
configure:5773: $? = 0
configure:5821: result: yes
configure:5824: checking for C compiler default output file name
configure:5826: result: a.out
configure:5832: checking for suffix of executables
configure:5839: gcc -o conftest -g   conftest.c  >&5
configure:5843: $? = 0
configure:5865: result: 
configure:5887: checking whether we are cross compiling
configure:5895: gcc -o conftest -g   conftest.c  >&5
configure:5899: $? = 0
configure:5906: ./conftest
configure:5910: $? = 0
configure:5925: result: no
configure:5931: checking for suffix of object files
configure:5953: gcc -c -g  conftest.c >&5
configure:5957: $? = 0
configure:5978: result: o
configure:5988: checking how to run the C preprocessor
configure:6019: gcc -E  conftest.c
configure:6019: $? = 0
configure:6033: gcc -E  conftest.c
conftest.c:11:10: fatal error: ac_nonexistent.h: No such file or directory
   11 | #include <ac_nonexistent.h>
      |          ^~~~~~~~~~~~~~~~~~
compilation terminated.
configure:6033: $? = 1
configure: failed program was:
| /* confdefs.h */
| #define PACKAGE_NAME "isl"
| #define PACKAGE_TARNAME "isl"
| #define PACKAGE_VERSION "0.24"
| #define PACKAGE_STRING "isl 0.24"
| #define PACKAGE_BUGREPORT "isl-development@googlegroups.com"
| #define PACKAGE_URL ""
| #define PACKAGE "isl"
| #define VERSION "0.24"
| /* end confdefs.h.  */
| #include <ac_nonexistent.h>
configure:6058: result: gcc -E
configure:6078: gcc -E  conftest.c
configure:6078: $? = 0
configure:6092: gcc -E  conftest.c
conftest.c:11:10: fatal error: ac_nonexistent.h: No such file or directory
   11 | #include <ac_nonexistent.h>
      |          ^~~~~~~~~~~~~~~~~~
compilation terminated.
configure:6092: $? = 1
configure: failed program was:
| /* confdefs.h */
| #define PACKAGE_NAME "isl"
| #define PACKAGE_TARNAME "isl"
| #define PACKAGE_VERSION "0.24"
| #define PACKAGE_STRING "isl 0.24"
| #define PACKAGE_BUGREPORT "isl-development@googlegroups.com"
| #define PACKAGE_URL ""
| #define PACKAGE "isl"
| #define VERSION "0.24"
| /* end confdefs.h.  */
| #include <ac_nonexistent.h>
configure:6133: checking for C compiler vendor
configure:6157: gcc -c -g -O2    conftest.c >&5
conftest.c: In function 'main':
conftest.c:17:7: error: 'thisisanerror' undeclared (first use in this function)
   17 |       thisisanerror;
      |       ^~~~~~~~~~~~~
conftest.c:17:7: note: each undeclared identifier is reported only once for each function it appears in
configure:6157: $? = 1
configure: failed program was:
| /* confdefs.h */
| #define PACKAGE_NAME "isl"
| #define PACKAGE_TARNAME "isl"
| #define PACKAGE_VERSION "0.24"
| #define PACKAGE_STRING "isl 0.24"
| #define PACKAGE_BUGREPORT "isl-development@googlegroups.com"
| #define PACKAGE_URL ""
| #define PACKAGE "isl"
| #define VERSION "0.24"
| /* end confdefs.h.  */
| 
| int
| main ()
| {
| 
| #if !(defined(__ICC) || defined(__ECC) || defined(__INTEL_COMPILER))
|       thisisanerror;
| #endif
| 
|   ;
|   return 0;
| }
configure:6157: gcc -c -g -O2    conftest.c >&5
conftest.c: In function 'main':
conftest.c:17:7: error: 'thisisanerror' undeclared (first use in this function)
   17 |       thisisanerror;
      |       ^~~~~~~~~~~~~
conftest.c:17:7: note: each undeclared identifier is reported only once for each function it appears in
configure:6157: $? = 1
configure: failed program was:
| /* confdefs.h */
| #define PACKAGE_NAME "isl"
| #define PACKAGE_TARNAME "isl"
| #define PACKAGE_VERSION "0.24"
| #define PACKAGE_STRING "isl 0.24"
| #define PACKAGE_BUGREPORT "isl-development@googlegroups.com"
| #define PACKAGE_URL ""
| #define PACKAGE "isl"
| #define VERSION "0.24"
| /* end confdefs.h.  */
| 
| int
| main ()
| {
| 
| #if !(defined(__xlc__) || defined(__xlC__) || defined(__IBMC__) || defined(__IBMCPP__))
|       thisisanerror;
| #endif
| 
|   ;
|   return 0;
| }
configure:6157: gcc -c -g -O2    conftest.c >&5
conftest.c: In function 'main':
conftest.c:17:7: error: 'thisisanerror' undeclared (first use in this function)
   17 |       thisisanerror;
      |       ^~~~~~~~~~~~~
conftest.c:17:7: note: each undeclared identifier is reported only once for each function it appears in
configure:6157: $? = 1
configure: failed program was:
| /* confdefs.h */
| #define PACKAGE_NAME "isl"
| #define PACKAGE_TARNAME "isl"
| #define PACKAGE_VERSION "0.24"
| #define PACKAGE_STRING "isl 0.24"
| #define PACKAGE_BUGREPORT "isl-development@googlegroups.com"
| #define PACKAGE_URL ""
| #define PACKAGE "isl"
| #define VERSION "0.24"
| /* end confdefs.h.  */
| 
| int
| main ()
| {
| 
| #if !(defined(__PATHCC__) || defined(__PATHSCALE__))
|       thisisanerror;
| #endif
| 
|   ;
|   return 0;
| }
configure:6157: gcc -c -g -O2    conftest.c >&5
conftest.c: In function 'main':
conftest.c:17:7: error: 'thisisanerror' undeclared (first use in this function)
   17 |       thisisanerror;
      |       ^~~~~~~~~~~~~
conftest.c:17:7: note: each undeclared identifier is reported only once for each function it appears in
configure:6157: $? = 1
configure: failed program was:
| /* confdefs.h */
| #define PACKAGE_NAME "isl"
| #define PACKAGE_TARNAME "isl"
| #define PACKAGE_VERSION "0.24"
| #define PACKAGE_STRING "isl 0.24"
| #define PACKAGE_BUGREPORT "isl-development@googlegroups.com"
| #define PACKAGE_URL ""
| #define PACKAGE "isl"
| #define VERSION "0.24"
| /* end confdefs.h.  */
| 
| int
| main ()
| {
| 
| #if !(defined(__clang__))
|       thisisanerror;
| #endif
| 
|   ;
|   return 0;
| }
configure:6157: gcc -c -g -O2    conftest.c >&5
configure:6157: $? = 0
configure:6164: result: gnu
configure:6167: checking host system type
configure:6180: result: x86_64-pc-linux-gnu
configure:6456: checking whether C compiler accepts -malign-double
configure:6475: gcc -c -malign-double  conftest.c >&5
configure:6475: $? = 0
configure:6485: result: yes
configure:6495: checking whether C compiler accepts -fstrict-aliasing
configure:6514: gcc -c -fstrict-aliasing  conftest.c >&5
configure:6514: $? = 0
configure:6524: result: yes
configure:6534: checking whether C compiler accepts -ffast-math
configure:6553: gcc -c -ffast-math  conftest.c >&5
configure:6553: $? = 0
configure:6563: result: yes
configure:6584: checking for gcc architecture flag
configure:6586: result: 
configure:6608: checking for x86 cpuid 0 output
configure:6637: gcc -o conftest -O3 -fomit-frame-pointer -malign-double -fstrict-aliasing -ffast-math  -static-libstdc++ -static-libgcc  conftest.c  >&5
configure:6637: $? = 0
configure:6637: ./conftest
configure:6637: $? = 0
configure:6647: result: d:68747541:444d4163:69746e65
configure:6663: checking for x86 cpuid 1 output
configure:6692: gcc -o conftest -O3 -fomit-frame-pointer -malign-double -fstrict-aliasing -ffast-math  -static-libstdc++ -static-libgcc  conftest.c  >&5
configure:6692: $? = 0
configure:6692: ./conftest
configure:6692: $? = 0
configure:6702: result: 630f01:3040800:3e98320b:178bfbff
configure:6916: checking whether C compiler accepts -march=k8
configure:6931: gcc -c -march=k8  conftest.c >&5
configure:6931: $? = 0
configure:6939: result: yes
configure:6956: checking for gcc architecture flag
configure:6958: result: -march=k8
configure:6990: checking whether C compiler accepts -O3 -fomit-frame-pointer -malign-double -fstrict-aliasing -ffast-math -march=k8
configure:7005: gcc -c -O3 -fomit-frame-pointer -malign-double -fstrict-aliasing -ffast-math -march=k8  conftest.c >&5
configure:7005: $? = 0
configure:7013: result: yes
configure:7033: checking whether the compiler supports function __attribute__((__warn_unused_result__))
configure:7051: gcc -c -O3 -fomit-frame-pointer -malign-double -fstrict-aliasing -ffast-math -march=k8  conftest.c >&5
configure:7051: $? = 0
configure:7058: result: yes
configure:7067: checking for __attribute__
configure:7089: gcc -c -O3 -fomit-frame-pointer -malign-double -fstrict-aliasing -ffast-math -march=k8  conftest.c >&5
configure:7089: $? = 0
configure:7098: result: yes
configure:7108: checking for grep that handles long lines and -e
configure:7166: result: /usr/bin/grep
configure:7509: checking whether g++ supports C++11 features by default
configure:7803: g++ -c -g -O2    conftest.cpp >&5
configure:7803: $? = 0
configure:7810: result: yes
configure:8170: checking for grep that handles long lines and -e
configure:8228: result: /usr/bin/grep
configure:8279: checking how to print strings
configure:8306: result: printf
configure:8327: checking for a sed that does not truncate output
configure:8391: result: /usr/bin/sed
configure:8409: checking for egrep
configure:8471: result: /usr/bin/grep -E
configure:8476: checking for fgrep
configure:8538: result: /usr/bin/grep -F
configure:8573: checking for ld used by gcc
configure:8640: result: ld
configure:8647: checking if the linker (ld) is GNU ld
configure:8662: result: yes
configure:8674: checking for BSD- or MS-compatible name lister (nm)
configure:8728: result: nm
configure:8858: checking the name lister (nm) interface
configure:8865: gcc -c -O3 -fomit-frame-pointer -malign-double -fstrict-aliasing -ffast-math -march=k8  conftest.c >&5
configure:8868: nm "conftest.o"
configure:8871: output
0000000000000000 B some_variable
configure:8878: result: BSD nm
configure:8881: checking whether ln -s works
configure:8885: result: yes
configure:8893: checking the maximum length of command line arguments
configure:9024: result: 1572864
configure:9072: checking how to convert x86_64-pc-linux-gnu file names to x86_64-pc-linux-gnu format
configure:9112: result: func_convert_file_noop
configure:9119: checking how to convert x86_64-pc-linux-gnu file names to toolchain format
configure:9139: result: func_convert_file_noop
configure:9146: checking for ld option to reload object files
configure:9153: result: -r
configure:9187: checking for x86_64-pc-linux-gnu-objdump
configure:9214: result: objdump
configure:9286: checking how to recognize dependent libraries
configure:9486: result: pass_all
configure:9531: checking for x86_64-pc-linux-gnu-dlltool
configure:9558: result: dlltool
configure:9631: checking how to associate runtime and link libraries
configure:9658: result: printf %s\n
configure:9674: checking for x86_64-pc-linux-gnu-ar
configure:9701: result: ar
configure:9782: checking for archiver @FILE support
configure:9799: gcc -c -O3 -fomit-frame-pointer -malign-double -fstrict-aliasing -ffast-math -march=k8  conftest.c >&5
configure:9799: $? = 0
configure:9802: ar cr libconftest.a @conftest.lst >&5
configure:9805: $? = 0
configure:9810: ar cr libconftest.a @conftest.lst >&5
ar: conftest.o: No such file or directory
configure:9813: $? = 1
configure:9825: result: @
configure:9843: checking for x86_64-pc-linux-gnu-strip
configure:9873: result: no
configure:9883: checking for strip
configure:9899: found /usr/bin/strip
configure:9910: result: strip
configure:9942: checking for x86_64-pc-linux-gnu-ranlib
configure:9969: result: ranlib
configure:10111: checking command to parse nm output from gcc object
configure:10264: gcc -c -O3 -fomit-frame-pointer -malign-double -fstrict-aliasing -ffast-math -march=k8  conftest.c >&5
configure:10267: $? = 0
configure:10271: nm conftest.o | sed -n -e 's/^.*[	 ]\([ABCDGIRSTW][ABCDGIRSTW]*\)[	 ][	 ]*\([_A-Za-z][_A-Za-z0-9]*\)$/\1 \2 \2/p' | sed '/ __gnu_lto/d' > conftest.nm
configure:10337: gcc -o conftest -O3 -fomit-frame-pointer -malign-double -fstrict-aliasing -ffast-math -march=k8  -static-libstdc++ -static-libgcc  conftest.c conftstm.o >&5
configure:10340: $? = 0
configure:10378: result: ok
configure:10425: checking for sysroot
configure:10455: result: no
configure:10462: checking for a working dd
configure:10500: result: /usr/bin/dd
configure:10504: checking how to truncate binary pipes
configure:10519: result: /usr/bin/dd bs=4096 count=1
configure:10655: gcc -c -O3 -fomit-frame-pointer -malign-double -fstrict-aliasing -ffast-math -march=k8  conftest.c >&5
configure:10658: $? = 0
configure:10808: checking for x86_64-pc-linux-gnu-mt
configure:10838: result: no
configure:10848: checking for mt
configure:10864: found /usr/bin/mt
configure:10875: result: mt
configure:10898: checking if mt is a manifest tool
configure:10904: mt '-?'
configure:10912: result: no
configure:11585: checking for ANSI C header files
configure:11605: gcc -c -O3 -fomit-frame-pointer -malign-double -fstrict-aliasing -ffast-math -march=k8  conftest.c >&5
configure:11605: $? = 0
configure:11678: gcc -o conftest -O3 -fomit-frame-pointer -malign-double -fstrict-aliasing -ffast-math -march=k8  -static-libstdc++ -static-libgcc  conftest.c  >&5
configure:11678: $? = 0
configure:11678: ./conftest
configure:11678: $? = 0
configure:11689: result: yes
configure:11702: checking for sys/types.h
configure:11702: gcc -c -O3 -fomit-frame-pointer -malign-double -fstrict-aliasing -ffast-math -march=k8  conftest.c >&5
configure:11702: $? = 0
configure:11702: result: yes
configure:11702: checking for sys/stat.h
configure:11702: gcc -c -O3 -fomit-frame-pointer -malign-double -fstrict-aliasing -ffast-math -march=k8  conftest.c >&5
configure:11702: $? = 0
configure:11702: result: yes
configure:11702: checking for stdlib.h
configure:11702: gcc -c -O3 -fomit-frame-pointer -malign-double -fstrict-aliasing -ffast-math -march=k8  conftest.c >&5
configure:11702: $? = 0
configure:11702: result: yes
configure:11702: checking for string.h
configure:11702: gcc -c -O3 -fomit-frame-pointer -malign-double -fstrict-aliasing -ffast-math -march=k8  conftest.c >&5
configure:11702: $? = 0
configure:11702: result: yes
configure:11702: checking for memory.h
configure:11702: gcc -c -O3 -fomit-frame-pointer -malign-double -fstrict-aliasing -ffast-math -march=k8  conftest.c >&5
configure:11702: $? = 0
configure:11702: result: yes
configure:11702: checking for strings.h
configure:11702: gcc -c -O3 -fomit-frame-pointer -malign-double -fstrict-aliasing -ffast-math -march=k8  conftest.c >&5
configure:11702: $? = 0
configure:11702: result: yes
configure:11702: checking for inttypes.h
configure:11702: gcc -c -O3 -fomit-frame-pointer -malign-double -fstrict-aliasing -ffast-math -march=k8  conftest.c >&5
configure:11702: $? = 0
configure:11702: result: yes
configure:11702: checking for stdint.h
configure:11702: gcc -c -O3 -fomit-frame-pointer -malign-double -fstrict-aliasing -ffast-math -march=k8  conftest.c >&5
configure:11702: $? = 0
configure:11702: result: yes
configure:11702: checking for unistd.h
configure:11702: gcc -c -O3 -fomit-frame-pointer -malign-double -fstrict-aliasing -ffast-math -march=k8  conftest.c >&5
configure:11702: $? = 0
configure:11702: result: yes
configure:11716: checking for dlfcn.h
configure:11716: gcc -c -O3 -fomit-frame-pointer -malign-double -fstrict-aliasing -ffast-math -march=k8  conftest.c >&5
configure:11716: $? = 0
configure:11716: result: yes
configure:11982: checking for objdir
configure:11997: result: .libs
configure:12261: checking if gcc supports -fno-rtti -fno-exceptions
configure:12279: gcc -c -O3 -fomit-frame-pointer -malign-double -fstrict-aliasing -ffast-math -march=k8  -fno-rtti -fno-exceptions conftest.c >&5
cc1: warning: command-line option '-fno-rtti' is valid for C++/D/ObjC++ but not for C
configure:12283: $? = 0
configure:12296: result: no
configure:12660: checking for gcc option to produce PIC
configure:12667: result: -fPIC -DPIC
configure:12675: checking if gcc PIC flag -fPIC -DPIC works
configure:12693: gcc -c -O3 -fomit-frame-pointer -malign-double -fstrict-aliasing -ffast-math -march=k8  -fPIC -DPIC -DPIC conftest.c >&5
configure:12697: $? = 0
configure:12710: result: yes
configure:12739: checking if gcc static flag -static works
configure:12767: result: yes
configure:12782: checking if gcc supports -c -o file.o
configure:12803: gcc -c -O3 -fomit-frame-pointer -malign-double -fstrict-aliasing -ffast-math -march=k8  -o out/conftest2.o conftest.c >&5
configure:12807: $? = 0
configure:12829: result: yes
configure:12837: checking if gcc supports -c -o file.o
configure:12884: result: yes
configure:12917: checking whether the gcc linker (ld -m elf_x86_64) supports shared libraries
configure:14180: result: yes
configure:14420: checking dynamic linker characteristics
configure:15001: gcc -o conftest -O3 -fomit-frame-pointer -malign-double -fstrict-aliasing -ffast-math -march=k8  -static-libstdc++ -static-libgcc  -Wl,-rpath -Wl,/foo conftest.c  >&5
configure:15001: $? = 0
configure:15250: result: GNU/Linux ld.so
configure:15372: checking how to hardcode library paths into programs
configure:15397: result: immediate
configure:15945: checking whether stripping libraries is possible
configure:15950: result: yes
configure:15985: checking if libtool supports shared libraries
configure:15987: result: yes
configure:15990: checking whether to build shared libraries
configure:16015: result: no
configure:16018: checking whether to build static libraries
configure:16022: result: yes
configure:16045: checking how to run the C++ preprocessor
configure:16072: g++ -E  conftest.cpp
configure:16072: $? = 0
configure:16086: g++ -E  conftest.cpp
conftest.cpp:26:10: fatal error: ac_nonexistent.h: No such file or directory
   26 | #include <ac_nonexistent.h>
      |          ^~~~~~~~~~~~~~~~~~
compilation terminated.
configure:16086: $? = 1
configure: failed program was:
| /* confdefs.h */
| #define PACKAGE_NAME "isl"
| #define PACKAGE_TARNAME "isl"
| #define PACKAGE_VERSION "0.24"
| #define PACKAGE_STRING "isl 0.24"
| #define PACKAGE_BUGREPORT "isl-development@googlegroups.com"
| #define PACKAGE_URL ""
| #define PACKAGE "isl"
| #define VERSION "0.24"
| #define GCC_WARN_UNUSED_RESULT __attribute__((__warn_unused_result__))
| #define HAVE___ATTRIBUTE__ 1
| #define HAVE_CXX11 1
| #define STDC_HEADERS 1
| #define HAVE_SYS_TYPES_H 1
| #define HAVE_SYS_STAT_H 1
| #define HAVE_STDLIB_H 1
| #define HAVE_STRING_H 1
| #define HAVE_MEMORY_H 1
| #define HAVE_STRINGS_H 1
| #define HAVE_INTTYPES_H 1
| #define HAVE_STDINT_H 1
| #define HAVE_UNISTD_H 1
| #define HAVE_DLFCN_H 1
| #define LT_OBJDIR ".libs/"
| /* end confdefs.h.  */
| #include <ac_nonexistent.h>
configure:16111: result: g++ -E
configure:16131: g++ -E  conftest.cpp
configure:16131: $? = 0
configure:16145: g++ -E  conftest.cpp
conftest.cpp:26:10: fatal error: ac_nonexistent.h: No such file or directory
   26 | #include <ac_nonexistent.h>
      |          ^~~~~~~~~~~~~~~~~~
compilation terminated.
configure:16145: $? = 1
configure: failed program was:
| /* confdefs.h */
| #define PACKAGE_NAME "isl"
| #define PACKAGE_TARNAME "isl"
| #define PACKAGE_VERSION "0.24"
| #define PACKAGE_STRING "isl 0.24"
| #define PACKAGE_BUGREPORT "isl-development@googlegroups.com"
| #define PACKAGE_URL ""
| #define PACKAGE "isl"
| #define VERSION "0.24"
| #define GCC_WARN_UNUSED_RESULT __attribute__((__warn_unused_result__))
| #define HAVE___ATTRIBUTE__ 1
| #define HAVE_CXX11 1
| #define STDC_HEADERS 1
| #define HAVE_SYS_TYPES_H 1
| #define HAVE_SYS_STAT_H 1
| #define HAVE_STDLIB_H 1
| #define HAVE_STRING_H 1
| #define HAVE_MEMORY_H 1
| #define HAVE_STRINGS_H 1
| #define HAVE_INTTYPES_H 1
| #define HAVE_STDINT_H 1
| #define HAVE_UNISTD_H 1
| #define HAVE_DLFCN_H 1
| #define LT_OBJDIR ".libs/"
| /* end confdefs.h.  */
| #include <ac_nonexistent.h>
configure:16307: checking for ld used by g++
configure:16374: result: ld -m elf_x86_64
configure:16381: checking if the linker (ld -m elf_x86_64) is GNU ld
configure:16396: result: yes
configure:16451: checking whether the g++ linker (ld -m elf_x86_64) supports shared libraries
configure:17524: result: yes
configure:17560: g++ -c -g -O2    conftest.cpp >&5
configure:17563: $? = 0
configure:18044: checking for g++ option to produce PIC
configure:18051: result: -fPIC -DPIC
configure:18059: checking if g++ PIC flag -fPIC -DPIC works
configure:18077: g++ -c -g -O2    -fPIC -DPIC -DPIC conftest.cpp >&5
configure:18081: $? = 0
configure:18094: result: yes
configure:18117: checking if g++ static flag -static works
configure:18145: result: yes
configure:18157: checking if g++ supports -c -o file.o
configure:18178: g++ -c -g -O2    -o out/conftest2.o conftest.cpp >&5
configure:18182: $? = 0
configure:18204: result: yes
configure:18209: checking if g++ supports -c -o file.o
configure:18256: result: yes
configure:18286: checking whether the g++ linker (ld -m elf_x86_64) supports shared libraries
configure:18329: result: yes
configure:18470: checking dynamic linker characteristics
configure:19227: result: GNU/Linux ld.so
configure:19292: checking how to hardcode library paths into programs
configure:19317: result: immediate
configure:19378: checking for a sed that does not truncate output
configure:19442: result: /usr/bin/sed
configure:19482: checking for a Python interpreter with version >= 2.5
configure:19499: python -c import sys # split strings by '.' and convert to numeric. Append some zeros # because we need at least 4 digits for the hex conversion. # map returns an iterator in Python 3.0 and a list in 2.x minver = list(map(int, '2.5'.split('.'))) + [0, 0, 0] minverhex = 0 # xrange is not present in Python 3.0 and range returns an iterator for i in list(range(0, 4)): minverhex = (minverhex << 8) + minver[i] sys.exit(sys.hexversion < minverhex)
/home/azpep/桌面/i686-elf-toolkit/gcc-12.1.0/isl/configure: line 19500: python: command not found
configure:19502: $? = 127
configure:19499: python2 -c import sys # split strings by '.' and convert to numeric. Append some zeros # because we need at least 4 digits for the hex conversion. # map returns an iterator in Python 3.0 and a list in 2.x minver = list(map(int, '2.5'.split('.'))) + [0, 0, 0] minverhex = 0 # xrange is not present in Python 3.0 and range returns an iterator for i in list(range(0, 4)): minverhex = (minverhex << 8) + minver[i] sys.exit(sys.hexversion < minverhex)
/home/azpep/桌面/i686-elf-toolkit/gcc-12.1.0/isl/configure: line 19500: python2: command not found
configure:19502: $? = 127
configure:19499: python3 -c import sys # split strings by '.' and convert to numeric. Append some zeros # because we need at least 4 digits for the hex conversion. # map returns an iterator in Python 3.0 and a list in 2.x minver = list(map(int, '2.5'.split('.'))) + [0, 0, 0] minverhex = 0 # xrange is not present in Python 3.0 and range returns an iterator for i in list(range(0, 4)): minverhex = (minverhex << 8) + minver[i] sys.exit(sys.hexversion < minverhex)
configure:19502: $? = 0
configure:19508: result: python3
configure:19516: checking for python3
configure:19534: found /usr/bin/python3
configure:19546: result: /usr/bin/python3
configure:19564: checking for python3 version
configure:19571: result: 3.1
configure:19583: checking for python3 platform
configure:19590: result: linux
configure:19616: checking for python3 script directory
configure:19651: result: ${prefix}/local/lib/python3.10/dist-packages
configure:19660: checking for python3 extension module directory
configure:19695: result: ${exec_prefix}/local/lib/python3.10/dist-packages
configure:19719: checking for cygpath
configure:19749: result: no
configure:19756: checking for perl
configure:19772: found /usr/bin/perl
configure:19783: result: perl
configure:19793: checking for pdflatex
configure:19823: result: no
configure:19830: checking for pod2html
configure:19846: found /usr/bin/pod2html
configure:19857: result: pod2html
configure:19883: checking for stdint types
configure:19906: gcc -c   conftest.c >&5
configure:19906: $? = 0
configure:19950: result: stdint.h (shortcircuit)
configure:20337: result: make use of stdint.h in include/isl/stdint.h (assuming C99 compatible system)

## ---------------------- ##
## Running config.status. ##
## ---------------------- ##

This file was extended by GNU MP config.status 6.2.1, which was
generated by GNU Autoconf 2.69.  Invocation command line was

  CONFIG_FILES    = 
  CONFIG_HEADERS  = 
  CONFIG_LINKS    = 
  CONFIG_COMMANDS = 
  $ /home/azpep/桌面/i686-elf-toolkit/gcc-12.1.0/build/./gmp/config.status --file=-

on azpep-A68P

configure:20414: gmp sources in /home/azpep/桌面/i686-elf-toolkit/gcc-12.1.0/build/gmp/../../gmp
configure:20452: checking which gmp to use
configure:20454: result: build
configure:20558: checking whether mp_get_memory_functions is declared
configure:20558: gcc -c -O3 -fomit-frame-pointer -malign-double -fstrict-aliasing -ffast-math -march=k8 -I/home/azpep/桌面/i686-elf-toolkit/gcc-12.1.0/build/gmp/../../gmp -I/home/azpep/桌面/i686-elf-toolkit/gcc-12.1.0/build/./gmp  conftest.c >&5
configure:20558: $? = 0
configure:20558: result: yes
configure:20676: checking whether ffs is declared
configure:20676: gcc -c -O3 -fomit-frame-pointer -malign-double -fstrict-aliasing -ffast-math -march=k8  conftest.c >&5
configure:20676: $? = 0
configure:20676: result: yes
configure:20688: checking whether __builtin_ffs is declared
configure:20688: gcc -c -O3 -fomit-frame-pointer -malign-double -fstrict-aliasing -ffast-math -march=k8  conftest.c >&5
configure:20688: $? = 0
configure:20688: result: yes
configure:20699: checking whether _BitScanForward is declared
configure:20699: gcc -c -O3 -fomit-frame-pointer -malign-double -fstrict-aliasing -ffast-math -march=k8  conftest.c >&5
conftest.c:30:10: fatal error: intrin.h: No such file or directory
   30 | #include <intrin.h>
      |          ^~~~~~~~~~
compilation terminated.
configure:20699: $? = 1
configure: failed program was:
| /* confdefs.h */
| #define PACKAGE_NAME "isl"
| #define PACKAGE_TARNAME "isl"
| #define PACKAGE_VERSION "0.24"
| #define PACKAGE_STRING "isl 0.24"
| #define PACKAGE_BUGREPORT "isl-development@googlegroups.com"
| #define PACKAGE_URL ""
| #define PACKAGE "isl"
| #define VERSION "0.24"
| #define GCC_WARN_UNUSED_RESULT __attribute__((__warn_unused_result__))
| #define HAVE___ATTRIBUTE__ 1
| #define HAVE_CXX11 1
| #define STDC_HEADERS 1
| #define HAVE_SYS_TYPES_H 1
| #define HAVE_SYS_STAT_H 1
| #define HAVE_STDLIB_H 1
| #define HAVE_STRING_H 1
| #define HAVE_MEMORY_H 1
| #define HAVE_STRINGS_H 1
| #define HAVE_INTTYPES_H 1
| #define HAVE_STDINT_H 1
| #define HAVE_UNISTD_H 1
| #define HAVE_DLFCN_H 1
| #define LT_OBJDIR ".libs/"
| #define USE_GMP_FOR_MP /**/
| #define HAVE_DECL_MP_GET_MEMORY_FUNCTIONS 1
| #define HAVE_DECL_FFS 1
| #define HAVE_DECL___BUILTIN_FFS 1
| /* end confdefs.h.  */
| #include <intrin.h>
| 
| int
| main ()
| {
| #ifndef _BitScanForward
| #ifdef __cplusplus
|   (void) _BitScanForward;
| #else
|   (void) _BitScanForward;
| #endif
| #endif
| 
|   ;
|   return 0;
| }
configure:20699: result: no
configure:20716: checking whether strcasecmp is declared
configure:20716: gcc -c -O3 -fomit-frame-pointer -malign-double -fstrict-aliasing -ffast-math -march=k8  conftest.c >&5
configure:20716: $? = 0
configure:20716: result: yes
configure:20727: checking whether strncasecmp is declared
configure:20727: gcc -c -O3 -fomit-frame-pointer -malign-double -fstrict-aliasing -ffast-math -march=k8  conftest.c >&5
configure:20727: $? = 0
configure:20727: result: yes
configure:20739: checking whether _stricmp is declared
configure:20739: gcc -c -O3 -fomit-frame-pointer -malign-double -fstrict-aliasing -ffast-math -march=k8  conftest.c >&5
conftest.c: In function 'main':
conftest.c:42:10: error: '_stricmp' undeclared (first use in this function); did you mean 'strncmp'?
   42 |   (void) _stricmp;
      |          ^~~~~~~~
      |          strncmp
conftest.c:42:10: note: each undeclared identifier is reported only once for each function it appears in
configure:20739: $? = 1
configure: failed program was:
| /* confdefs.h */
| #define PACKAGE_NAME "isl"
| #define PACKAGE_TARNAME "isl"
| #define PACKAGE_VERSION "0.24"
| #define PACKAGE_STRING "isl 0.24"
| #define PACKAGE_BUGREPORT "isl-development@googlegroups.com"
| #define PACKAGE_URL ""
| #define PACKAGE "isl"
| #define VERSION "0.24"
| #define GCC_WARN_UNUSED_RESULT __attribute__((__warn_unused_result__))
| #define HAVE___ATTRIBUTE__ 1
| #define HAVE_CXX11 1
| #define STDC_HEADERS 1
| #define HAVE_SYS_TYPES_H 1
| #define HAVE_SYS_STAT_H 1
| #define HAVE_STDLIB_H 1
| #define HAVE_STRING_H 1
| #define HAVE_MEMORY_H 1
| #define HAVE_STRINGS_H 1
| #define HAVE_INTTYPES_H 1
| #define HAVE_STDINT_H 1
| #define HAVE_UNISTD_H 1
| #define HAVE_DLFCN_H 1
| #define LT_OBJDIR ".libs/"
| #define USE_GMP_FOR_MP /**/
| #define HAVE_DECL_MP_GET_MEMORY_FUNCTIONS 1
| #define HAVE_DECL_FFS 1
| #define HAVE_DECL___BUILTIN_FFS 1
| #define HAVE_DECL__BITSCANFORWARD 0
| #define HAVE_DECL_STRCASECMP 1
| #define HAVE_DECL_STRNCASECMP 1
| /* end confdefs.h.  */
| #include <string.h>
| 
| int
| main ()
| {
| #ifndef _stricmp
| #ifdef __cplusplus
|   (void) _stricmp;
| #else
|   (void) _stricmp;
| #endif
| #endif
| 
|   ;
|   return 0;
| }
configure:20739: result: no
configure:20750: checking whether _strnicmp is declared
configure:20750: gcc -c -O3 -fomit-frame-pointer -malign-double -fstrict-aliasing -ffast-math -march=k8  conftest.c >&5
conftest.c: In function 'main':
conftest.c:43:10: error: '_strnicmp' undeclared (first use in this function); did you mean 'strncmp'?
   43 |   (void) _strnicmp;
      |          ^~~~~~~~~
      |          strncmp
conftest.c:43:10: note: each undeclared identifier is reported only once for each function it appears in
configure:20750: $? = 1
configure: failed program was:
| /* confdefs.h */
| #define PACKAGE_NAME "isl"
| #define PACKAGE_TARNAME "isl"
| #define PACKAGE_VERSION "0.24"
| #define PACKAGE_STRING "isl 0.24"
| #define PACKAGE_BUGREPORT "isl-development@googlegroups.com"
| #define PACKAGE_URL ""
| #define PACKAGE "isl"
| #define VERSION "0.24"
| #define GCC_WARN_UNUSED_RESULT __attribute__((__warn_unused_result__))
| #define HAVE___ATTRIBUTE__ 1
| #define HAVE_CXX11 1
| #define STDC_HEADERS 1
| #define HAVE_SYS_TYPES_H 1
| #define HAVE_SYS_STAT_H 1
| #define HAVE_STDLIB_H 1
| #define HAVE_STRING_H 1
| #define HAVE_MEMORY_H 1
| #define HAVE_STRINGS_H 1
| #define HAVE_INTTYPES_H 1
| #define HAVE_STDINT_H 1
| #define HAVE_UNISTD_H 1
| #define HAVE_DLFCN_H 1
| #define LT_OBJDIR ".libs/"
| #define USE_GMP_FOR_MP /**/
| #define HAVE_DECL_MP_GET_MEMORY_FUNCTIONS 1
| #define HAVE_DECL_FFS 1
| #define HAVE_DECL___BUILTIN_FFS 1
| #define HAVE_DECL__BITSCANFORWARD 0
| #define HAVE_DECL_STRCASECMP 1
| #define HAVE_DECL_STRNCASECMP 1
| #define HAVE_DECL__STRICMP 0
| /* end confdefs.h.  */
| #include <string.h>
| 
| int
| main ()
| {
| #ifndef _strnicmp
| #ifdef __cplusplus
|   (void) _strnicmp;
| #else
|   (void) _strnicmp;
| #endif
| #endif
| 
|   ;
|   return 0;
| }
configure:20750: result: no
configure:20770: checking whether snprintf is declared
configure:20770: gcc -c -O3 -fomit-frame-pointer -malign-double -fstrict-aliasing -ffast-math -march=k8  conftest.c >&5
configure:20770: $? = 0
configure:20770: result: yes
configure:20781: checking whether _snprintf is declared
configure:20781: gcc -c -O3 -fomit-frame-pointer -malign-double -fstrict-aliasing -ffast-math -march=k8  conftest.c >&5
conftest.c: In function 'main':
conftest.c:45:10: error: '_snprintf' undeclared (first use in this function); did you mean 'vsnprintf'?
   45 |   (void) _snprintf;
      |          ^~~~~~~~~
      |          vsnprintf
conftest.c:45:10: note: each undeclared identifier is reported only once for each function it appears in
configure:20781: $? = 1
configure: failed program was:
| /* confdefs.h */
| #define PACKAGE_NAME "isl"
| #define PACKAGE_TARNAME "isl"
| #define PACKAGE_VERSION "0.24"
| #define PACKAGE_STRING "isl 0.24"
| #define PACKAGE_BUGREPORT "isl-development@googlegroups.com"
| #define PACKAGE_URL ""
| #define PACKAGE "isl"
| #define VERSION "0.24"
| #define GCC_WARN_UNUSED_RESULT __attribute__((__warn_unused_result__))
| #define HAVE___ATTRIBUTE__ 1
| #define HAVE_CXX11 1
| #define STDC_HEADERS 1
| #define HAVE_SYS_TYPES_H 1
| #define HAVE_SYS_STAT_H 1
| #define HAVE_STDLIB_H 1
| #define HAVE_STRING_H 1
| #define HAVE_MEMORY_H 1
| #define HAVE_STRINGS_H 1
| #define HAVE_INTTYPES_H 1
| #define HAVE_STDINT_H 1
| #define HAVE_UNISTD_H 1
| #define HAVE_DLFCN_H 1
| #define LT_OBJDIR ".libs/"
| #define USE_GMP_FOR_MP /**/
| #define HAVE_DECL_MP_GET_MEMORY_FUNCTIONS 1
| #define HAVE_DECL_FFS 1
| #define HAVE_DECL___BUILTIN_FFS 1
| #define HAVE_DECL__BITSCANFORWARD 0
| #define HAVE_DECL_STRCASECMP 1
| #define HAVE_DECL_STRNCASECMP 1
| #define HAVE_DECL__STRICMP 0
| #define HAVE_DECL__STRNICMP 0
| #define HAVE_DECL_SNPRINTF 1
| /* end confdefs.h.  */
| #include <stdio.h>
| 
| int
| main ()
| {
| #ifndef _snprintf
| #ifdef __cplusplus
|   (void) _snprintf;
| #else
|   (void) _snprintf;
| #endif
| #endif
| 
|   ;
|   return 0;
| }
configure:20781: result: no
configure:20875: checking which clang to use
configure:20877: result: no
configure:20900: checking for C compiler vendor
configure:20931: result: gnu
configure:20952: checking our pkgconfig libname
configure:20960: result: isl
configure:20963: checking our pkgconfig version
configure:20971: result: 0.24
configure:20974: checking our pkgconfig_libdir
configure:20981: result: ${libdir}/pkgconfig
configure:20984: result: expanded our pkgconfig_libdir... /usr/local/lib/pkgconfig
configure:20988: checking our pkgconfig_libfile
configure:20994: result: isl.pc
configure:21001: checking our package / suffix
configure:21005: result: isl / 
configure:21008: checking our pkgconfig description
configure:21015: result: isl Library
configure:21018: checking our pkgconfig requires
configure:21023: result: 
configure:21026: checking our pkgconfig ext libs
configure:21033: result: -lisl /home/azpep/桌面/i686-elf-toolkit/gcc-12.1.0/build/./gmp/libgmp.la
configure:21036: checking our pkgconfig cppflags
configure:21041: result: -I/home/azpep/桌面/i686-elf-toolkit/gcc-12.1.0/build/gmp/../../gmp -I/home/azpep/桌面/i686-elf-toolkit/gcc-12.1.0/build/./gmp
configure:21044: checking our pkgconfig ldflags
configure:21049: result: 
configure:21089: result: noninstalled pkgconfig -L /home/azpep/桌面/i686-elf-toolkit/gcc-12.1.0/build/isl/.libs
configure:21124: result: noninstalled pkgconfig -I /home/azpep/桌面/i686-elf-toolkit/gcc-12.1.0/build/isl/../../isl/include
configure:21247: updating cache ./config.cache
configure:21291: checking that generated files are newer than configure
configure:21297: result: done
configure:21368: creating ./config.status

## ---------------------- ##
## Running config.status. ##
## ---------------------- ##

This file was extended by isl config.status 0.24, which was
generated by GNU Autoconf 2.69.  Invocation command line was

  CONFIG_FILES    = 
  CONFIG_HEADERS  = 
  CONFIG_LINKS    = 
  CONFIG_COMMANDS = 
  $ ./config.status 

on azpep-A68P

config.status:1264: creating isl_srcdir.c
config.status:1264: creating Makefile
config.status:1264: creating doc/Makefile
config.status:1264: creating bound_test.sh
config.status:1264: creating codegen_test.sh
config.status:1264: creating pip_test.sh
config.status:1264: creating flow_test.sh
config.status:1264: creating schedule_test.sh
config.status:1264: creating isl_config.h
config.status:1478: executing depfiles commands
config.status:1555: cd .       && sed -e '/# am--include-marker/d' Makefile         | make -f - am--depfiles
make[1]: Entering directory '/home/azpep/桌面/i686-elf-toolkit/gcc-12.1.0/build/isl'
make[1]: Leaving directory '/home/azpep/桌面/i686-elf-toolkit/gcc-12.1.0/build/isl'
config.status:1560: $? = 0
config.status:1478: executing libtool commands
config.status:1478: executing include/isl/stdint.h commands
config.status:2289: creating include/isl/stdint.h : _ISL_INCLUDE_ISL_STDINT_H
config.status:1478: executing isl.pc commands
config.status:2771: creating isl.pc.in
config.status:2794: creating isl.pc
config.status:2820: creating isl-uninstalled.pc
config.status:2850: creating isl-uninstalled.sh

## ---------------- ##
## Cache variables. ##
## ---------------- ##

ac_cv_build=x86_64-pc-linux-gnu
ac_cv_build_objext=o
ac_cv_build_prog_CPP='gcc -E'
ac_cv_build_prog_cc_c89=
ac_cv_build_prog_cc_g=yes
ac_cv_c_compiler_gnu=yes
ac_cv_cxx_compiler_gnu=yes
ac_cv_env_CCC_set=
ac_cv_env_CCC_value=
ac_cv_env_CC_set=set
ac_cv_env_CC_value=gcc
ac_cv_env_CFLAGS_set=set
ac_cv_env_CFLAGS_value='-g -O2  '
ac_cv_env_CPPFLAGS_set=
ac_cv_env_CPPFLAGS_value=
ac_cv_env_CPP_set=
ac_cv_env_CPP_value=
ac_cv_env_CXXCPP_set=
ac_cv_env_CXXCPP_value=
ac_cv_env_CXXFLAGS_set=set
ac_cv_env_CXXFLAGS_value='-g -O2  '
ac_cv_env_CXX_set=set
ac_cv_env_CXX_value=g++
ac_cv_env_LDFLAGS_set=set
ac_cv_env_LDFLAGS_value='-static-libstdc++ -static-libgcc '
ac_cv_env_LIBS_set=
ac_cv_env_LIBS_value=
ac_cv_env_LT_SYS_LIBRARY_PATH_set=
ac_cv_env_LT_SYS_LIBRARY_PATH_value=
ac_cv_env_PYTHON_set=
ac_cv_env_PYTHON_value=
ac_cv_env_build_alias_set=set
ac_cv_env_build_alias_value=x86_64-pc-linux-gnu
ac_cv_env_host_alias_set=set
ac_cv_env_host_alias_value=x86_64-pc-linux-gnu
ac_cv_env_target_alias_set=set
ac_cv_env_target_alias_value=i686-elf
ac_cv_have_decl__BitScanForward=no
ac_cv_have_decl___builtin_ffs=yes
ac_cv_have_decl__snprintf=no
ac_cv_have_decl__stricmp=no
ac_cv_have_decl__strnicmp=no
ac_cv_have_decl_ffs=yes
ac_cv_have_decl_mp_get_memory_functions=yes
ac_cv_have_decl_snprintf=yes
ac_cv_have_decl_strcasecmp=yes
ac_cv_have_decl_strncasecmp=yes
ac_cv_header_dlfcn_h=yes
ac_cv_header_inttypes_h=yes
ac_cv_header_memory_h=yes
ac_cv_header_stdc=yes
ac_cv_header_stdint=stdint.h
ac_cv_header_stdint_h=yes
ac_cv_header_stdint_t=stdint.h
ac_cv_header_stdlib_h=yes
ac_cv_header_string_h=yes
ac_cv_header_strings_h=yes
ac_cv_header_sys_stat_h=yes
ac_cv_header_sys_types_h=yes
ac_cv_header_unistd_h=yes
ac_cv_host=x86_64-pc-linux-gnu
ac_cv_objext=o
ac_cv_path_EGREP='/usr/bin/grep -E'
ac_cv_path_FGREP='/usr/bin/grep -F'
ac_cv_path_GREP=/usr/bin/grep
ac_cv_path_PYTHON=/usr/bin/python3
ac_cv_path_SED=/usr/bin/sed
ac_cv_path_install='/usr/bin/install -c'
ac_cv_path_lt_DD=/usr/bin/dd
ac_cv_path_mkdir=/usr/bin/mkdir
ac_cv_prog_AR=ar
ac_cv_prog_AWK=mawk
ac_cv_prog_CC=gcc
ac_cv_prog_CC_FOR_BUILD=gcc
ac_cv_prog_CPP='gcc -E'
ac_cv_prog_CXXCPP='g++ -E'
ac_cv_prog_DLLTOOL=dlltool
ac_cv_prog_OBJDUMP=objdump
ac_cv_prog_PERL=perl
ac_cv_prog_POD2HTML=pod2html
ac_cv_prog_RANLIB=ranlib
ac_cv_prog_ac_ct_MANIFEST_TOOL=mt
ac_cv_prog_ac_ct_STRIP=strip
ac_cv_prog_cc_c89=
ac_cv_prog_cc_g=yes
ac_cv_prog_cxx_g=yes
ac_cv_prog_make_make_set=yes
ac_cv_stdint_message='using gnu compiler gcc (Ubuntu 11.2.0-19ubuntu1) 11.2.0'
ac_cv_stdint_result='(assuming C99 compatible system)'
am_cv_CC_dependencies_compiler_type=gcc3
am_cv_CXX_dependencies_compiler_type=gcc3
am_cv_build_CC_dependencies_compiler_type=gcc3
am_cv_build_prog_cc_c_o=yes
am_cv_make_support_nested_variables=yes
am_cv_pathless_PYTHON=python3
am_cv_prog_cc_c_o=yes
am_cv_python_platform=linux
am_cv_python_pyexecdir='${exec_prefix}/local/lib/python3.10/dist-packages'
am_cv_python_pythondir='${prefix}/local/lib/python3.10/dist-packages'
am_cv_python_version=3.1
ax_cv___attribute__=yes
ax_cv_c_compiler_vendor=gnu
ax_cv_c_flags__O3__fomit_frame_pointer__malign_double__fstrict_aliasing__ffast_math__march_k8=yes
ax_cv_c_flags__ffast_math=yes
ax_cv_c_flags__fstrict_aliasing=yes
ax_cv_c_flags__malign_double=yes
ax_cv_c_flags__march_k8=yes
ax_cv_cxx_compile_cxx11=yes
ax_cv_gcc_archflag=-march=k8
ax_cv_gcc_warn_unused_result=yes
ax_cv_gcc_x86_cpuid_0=d:68747541:444d4163:69746e65
ax_cv_gcc_x86_cpuid_1=630f01:3040800:3e98320b:178bfbff
lt_cv_ar_at_file=@
lt_cv_deplibs_check_method=pass_all
lt_cv_file_magic_cmd='$MAGIC_CMD'
lt_cv_file_magic_test_file=
lt_cv_ld_reload_flag=-r
lt_cv_nm_interface='BSD nm'
lt_cv_objdir=.libs
lt_cv_path_LD=ld
lt_cv_path_LDCXX='ld -m elf_x86_64'
lt_cv_path_NM=nm
lt_cv_path_mainfest_tool=no
lt_cv_prog_compiler_c_o=yes
lt_cv_prog_compiler_c_o_CXX=yes
lt_cv_prog_compiler_pic='-fPIC -DPIC'
lt_cv_prog_compiler_pic_CXX='-fPIC -DPIC'
lt_cv_prog_compiler_pic_works=yes
lt_cv_prog_compiler_pic_works_CXX=yes
lt_cv_prog_compiler_rtti_exceptions=no
lt_cv_prog_compiler_static_works=yes
lt_cv_prog_compiler_static_works_CXX=yes
lt_cv_prog_gnu_ld=yes
lt_cv_prog_gnu_ldcxx=yes
lt_cv_sharedlib_from_linklib_cmd='printf %s\n'
lt_cv_shlibpath_overrides_runpath=yes
lt_cv_sys_global_symbol_pipe='sed -n -e '\''s/^.*[	 ]\([ABCDGIRSTW][ABCDGIRSTW]*\)[	 ][	 ]*\([_A-Za-z][_A-Za-z0-9]*\)$/\1 \2 \2/p'\'' | sed '\''/ __gnu_lto/d'\'''
lt_cv_sys_global_symbol_to_c_name_address='sed -n -e '\''s/^: \(.*\) .*$/  {"\1", (void *) 0},/p'\'' -e '\''s/^[ABCDGIRSTW][ABCDGIRSTW]* .* \(.*\)$/  {"\1", (void *) \&\1},/p'\'''
lt_cv_sys_global_symbol_to_c_name_address_lib_prefix='sed -n -e '\''s/^: \(.*\) .*$/  {"\1", (void *) 0},/p'\'' -e '\''s/^[ABCDGIRSTW][ABCDGIRSTW]* .* \(lib.*\)$/  {"\1", (void *) \&\1},/p'\'' -e '\''s/^[ABCDGIRSTW][ABCDGIRSTW]* .* \(.*\)$/  {"lib\1", (void *) \&\1},/p'\'''
lt_cv_sys_global_symbol_to_cdecl='sed -n -e '\''s/^T .* \(.*\)$/extern int \1();/p'\'' -e '\''s/^[ABCDGIRSTW][ABCDGIRSTW]* .* \(.*\)$/extern char \1;/p'\'''
lt_cv_sys_global_symbol_to_import=
lt_cv_sys_max_cmd_len=1572864
lt_cv_to_host_file_cmd=func_convert_file_noop
lt_cv_to_tool_file_cmd=func_convert_file_noop
lt_cv_truncate_bin='/usr/bin/dd bs=4096 count=1'

## ----------------- ##
## Output variables. ##
## ----------------- ##

ACLOCAL='${SHELL} /home/azpep/桌面/i686-elf-toolkit/gcc-12.1.0/isl/missing aclocal-1.16'
AMDEPBACKSLASH='\'
AMDEP_FALSE='#'
AMDEP_TRUE=''
AMTAR='$${TAR-tar}'
AM_BACKSLASH='\'
AM_DEFAULT_V='$(AM_DEFAULT_VERBOSITY)'
AM_DEFAULT_VERBOSITY='0'
AM_V='$(V)'
AR='ar'
AUTOCONF='${SHELL} /home/azpep/桌面/i686-elf-toolkit/gcc-12.1.0/isl/missing autoconf'
AUTOHEADER='${SHELL} /home/azpep/桌面/i686-elf-toolkit/gcc-12.1.0/isl/missing autoheader'
AUTOMAKE='${SHELL} /home/azpep/桌面/i686-elf-toolkit/gcc-12.1.0/isl/missing automake-1.16'
AWK='mawk'
BUILD_EXEEXT=''
BUILD_OBJEXT='o'
CC='gcc'
CCDEPMODE='depmode=gcc3'
CC_FOR_BUILD='gcc'
CFLAGS='-O3 -fomit-frame-pointer -malign-double -fstrict-aliasing -ffast-math -march=k8'
CFLAGS_FOR_BUILD='-g'
CPP='gcc -E'
CPPFLAGS=''
CPPFLAGS_FOR_BUILD=''
CPP_FOR_BUILD='gcc -E'
CXX='g++'
CXXCPP='g++ -E'
CXXDEPMODE='depmode=gcc3'
CXXFLAGS='-g -O2  '
CYGPATH=''
CYGPATH_W='echo'
DEFS='-DHAVE_CONFIG_H'
DEPDIR='.deps'
DLLTOOL='dlltool'
DSYMUTIL='dsymutil'
DUMPBIN=''
ECHO_C=''
ECHO_N='-n'
ECHO_T=''
EGREP='/usr/bin/grep -E'
EXEEXT=''
FGREP='/usr/bin/grep -F'
GENERATE_DOC_FALSE=''
GENERATE_DOC_TRUE='#'
GIT_HEAD=''
GIT_HEAD_ID='isl-0.24'
GIT_HEAD_VERSION='isl-0.24'
GMP_FOR_MP_FALSE='#'
GMP_FOR_MP_TRUE=''
GREP='/usr/bin/grep'
HAVE_CLANG_FALSE=''
HAVE_CLANG_TRUE='#'
HAVE_CPP_ISL_H_FALSE='#'
HAVE_CPP_ISL_H_TRUE=''
HAVE_CXX11='1'
HAVE_CXX11_FALSE='#'
HAVE_CXX11_TRUE=''
HAVE_PYTHON_FALSE='#'
HAVE_PYTHON_TRUE=''
IMATH_FOR_MP_FALSE=''
IMATH_FOR_MP_TRUE='#'
INSTALL_DATA='${INSTALL} -m 644'
INSTALL_PROGRAM='${INSTALL}'
INSTALL_SCRIPT='${INSTALL}'
INSTALL_STRIP_PROGRAM='$(install_sh) -c -s'
LD='ld -m elf_x86_64'
LDFLAGS='-static-libstdc++ -static-libgcc '
LDFLAGS_FOR_BUILD=''
LIBOBJS=''
LIBS=''
LIBTOOL='$(SHELL) $(top_builddir)/libtool'
LIPO=''
LN_S='ln -s'
LTLIBOBJS=''
LT_SYS_LIBRARY_PATH=''
MAKEINFO='makeinfo'
MANIFEST_TOOL=':'
MKDIR_P='/usr/bin/mkdir -p'
MP_CFLAGS=''
MP_CPPFLAGS='-I/home/azpep/桌面/i686-elf-toolkit/gcc-12.1.0/build/gmp/../../gmp -I/home/azpep/桌面/i686-elf-toolkit/gcc-12.1.0/build/./gmp'
MP_LDFLAGS=''
MP_LIBS='/home/azpep/桌面/i686-elf-toolkit/gcc-12.1.0/build/./gmp/libgmp.la'
NEED_GET_MEMORY_FUNCTIONS_FALSE=''
NEED_GET_MEMORY_FUNCTIONS_TRUE='#'
NM='nm'
NMEDIT=''
OBJDUMP='objdump'
OBJEXT='o'
OS_SRCDIR='../../isl'
OTOOL64=''
OTOOL='otool'
PACKAGE='isl'
PACKAGE_BUGREPORT='isl-development@googlegroups.com'
PACKAGE_NAME='isl'
PACKAGE_STRING='isl 0.24'
PACKAGE_TARNAME='isl'
PACKAGE_URL=''
PACKAGE_VERSION='0.24'
PATH_SEPARATOR=':'
PDFLATEX=''
PERL='perl'
POD2HTML='pod2html'
PRTDIAG=''
PYTHON='/usr/bin/python3'
PYTHON_EXEC_PREFIX='${exec_prefix}'
PYTHON_PLATFORM='linux'
PYTHON_PREFIX='${prefix}'
PYTHON_VERSION='3.1'
RANLIB='ranlib'
SED='/usr/bin/sed'
SET_MAKE=''
SHELL='/bin/bash'
SMALL_INT_OPT_FALSE=''
SMALL_INT_OPT_TRUE='#'
STRIP='strip'
VERSION='0.24'
WARNING_FLAGS=''
ac_ct_AR=''
ac_ct_CC=''
ac_ct_CC_FOR_BUILD=''
ac_ct_CXX=''
ac_ct_DUMPBIN=''
am__EXEEXT_FALSE=''
am__EXEEXT_TRUE='#'
am__fastdepCC_FALSE='#'
am__fastdepCC_TRUE=''
am__fastdepCXX_FALSE='#'
am__fastdepCXX_TRUE=''
am__include='include'
am__isrc=' -I$(srcdir)'
am__leading_dot='.'
am__nodep='_no'
am__quote=''
am__tar='$${TAR-tar} chof - "$$tardir"'
am__untar='$${TAR-tar} xf -'
bindir='${exec_prefix}/bin'
build='x86_64-pc-linux-gnu'
build_alias='x86_64-pc-linux-gnu'
build_cpu='x86_64'
build_os='linux-gnu'
build_vendor='pc'
datadir='${datarootdir}'
datarootdir='${prefix}/share'
docdir='${datarootdir}/doc/${PACKAGE_TARNAME}'
dvidir='${docdir}'
exec_prefix='${prefix}'
host='x86_64-pc-linux-gnu'
host_alias='x86_64-pc-linux-gnu'
host_cpu='x86_64'
host_os='linux-gnu'
host_vendor='pc'
htmldir='${docdir}'
includedir='${prefix}/include'
infodir='${datarootdir}/info'
install_sh='${SHELL} /home/azpep/桌面/i686-elf-toolkit/gcc-12.1.0/isl/install-sh'
libdir='${exec_prefix}/lib'
libexecdir='${exec_prefix}/libexec'
localedir='${datarootdir}/locale'
localstatedir='${prefix}/var'
mandir='${datarootdir}/man'
mkdir_p='$(MKDIR_P)'
oldincludedir='/usr/include'
pdfdir='${docdir}'
pkgconfig_libdir='${libdir}/pkgconfig'
pkgconfig_libfile='isl.pc'
pkgpyexecdir='${pyexecdir}/isl'
pkgpythondir='${pythondir}/isl'
prefix='/usr/local'
program_transform_name='s&^&i686-elf-&'
psdir='${docdir}'
pyexecdir='${exec_prefix}/local/lib/python3.10/dist-packages'
pythondir='${prefix}/local/lib/python3.10/dist-packages'
runstatedir='${localstatedir}/run'
sbindir='${exec_prefix}/sbin'
sharedstatedir='${prefix}/com'
subdirs=''
sysconfdir='${prefix}/etc'
target_alias='i686-elf'
versioninfo='24:0:1'

## ----------- ##
## confdefs.h. ##
## ----------- ##

/* confdefs.h */
#define PACKAGE_NAME "isl"
#define PACKAGE_TARNAME "isl"
#define PACKAGE_VERSION "0.24"
#define PACKAGE_STRING "isl 0.24"
#define PACKAGE_BUGREPORT "isl-development@googlegroups.com"
#define PACKAGE_URL ""
#define PACKAGE "isl"
#define VERSION "0.24"
#define GCC_WARN_UNUSED_RESULT __attribute__((__warn_unused_result__))
#define HAVE___ATTRIBUTE__ 1
#define HAVE_CXX11 1
#define STDC_HEADERS 1
#define HAVE_SYS_TYPES_H 1
#define HAVE_SYS_STAT_H 1
#define HAVE_STDLIB_H 1
#define HAVE_STRING_H 1
#define HAVE_MEMORY_H 1
#define HAVE_STRINGS_H 1
#define HAVE_INTTYPES_H 1
#define HAVE_STDINT_H 1
#define HAVE_UNISTD_H 1
#define HAVE_DLFCN_H 1
#define LT_OBJDIR ".libs/"
#define USE_GMP_FOR_MP /**/
#define HAVE_DECL_MP_GET_MEMORY_FUNCTIONS 1
#define HAVE_DECL_FFS 1
#define HAVE_DECL___BUILTIN_FFS 1
#define HAVE_DECL__BITSCANFORWARD 0
#define HAVE_DECL_STRCASECMP 1
#define HAVE_DECL_STRNCASECMP 1
#define HAVE_DECL__STRICMP 0
#define HAVE_DECL__STRNICMP 0
#define HAVE_DECL_SNPRINTF 1
#define HAVE_DECL__SNPRINTF 0

configure: exit 0
