This file contains any messages produced by compilers while
running configure, to aid debugging if configure makes a mistake.

It was created by GNU C Runtime Library configure 1.0, which was
generated by GNU Autoconf 2.69.  Invocation command line was

  $ /home/azpep/桌面/i686-elf-toolkit/gcc-12.1.0/libgcc/configure --srcdir=../../../libgcc --cache-file=./config.cache --enable-multilib --with-cross-host=x86_64-pc-linux-gnu --prefix=/usr/local --disable-nls --without-headers --enable-languages=c,c++,lto --program-transform-name=s&^&i686-elf-& --disable-option-checking --with-target-subdir=i686-elf --build=x86_64-pc-linux-gnu --host=i686-elf --target=i686-elf

## --------- ##
## Platform. ##
## --------- ##

hostname = azpep-A68P
uname -m = x86_64
uname -r = 5.15.0-43-generic
uname -s = Linux
uname -v = #46-Ubuntu SMP Tue Jul 12 10:30:17 UTC 2022

/usr/bin/uname -p = x86_64
/bin/uname -X     = unknown

/bin/arch              = x86_64
/usr/bin/arch -k       = unknown
/usr/convex/getsysinfo = unknown
/usr/bin/hostinfo      = unknown
/bin/machine           = unknown
/usr/bin/oslevel       = unknown
/bin/universe          = unknown

PATH: /usr/local/sbin
PATH: /usr/local/bin
PATH: /usr/sbin
PATH: /usr/bin
PATH: /sbin
PATH: /bin
PATH: /usr/games
PATH: /usr/local/games
PATH: /snap/bin
PATH: /snap/bin


## ----------- ##
## Core tests. ##
## ----------- ##

configure:2083: creating cache ./config.cache
configure:2295: checking build system type
configure:2309: result: x86_64-pc-linux-gnu
configure:2329: checking host system type
configure:2342: result: i686-pc-elf
configure:2448: checking for --enable-version-specific-runtime-libs
configure:2461: result: no
configure:2532: checking for a BSD-compatible install
configure:2600: result: /usr/bin/install -c
configure:2616: checking for gawk
configure:2643: result: mawk
configure:2766: checking for i686-elf-ar
configure:2793: result: /usr/local/i686-elf/bin/ar
configure:2858: checking for i686-elf-lipo
configure:2885: result: i686-elf-lipo
configure:2950: checking for i686-elf-nm
configure:2977: result: /home/azpep/桌面/i686-elf-toolkit/gcc-12.1.0/build/./gcc/nm
configure:3042: checking for i686-elf-ranlib
configure:3069: result: /usr/local/i686-elf/bin/ranlib
configure:3134: checking for i686-elf-strip
configure:3161: result: /usr/local/i686-elf/bin/strip
configure:3223: checking whether ln -s works
configure:3227: result: yes
configure:3244: checking for i686-elf-gcc
configure:3271: result:  /home/azpep/桌面/i686-elf-toolkit/gcc-12.1.0/build/./gcc/xgcc -B/home/azpep/桌面/i686-elf-toolkit/gcc-12.1.0/build/./gcc/ -B/usr/local/i686-elf/bin/ -B/usr/local/i686-elf/lib/ -isystem /usr/local/i686-elf/include -isystem /usr/local/i686-elf/sys-include   
configure:3540: checking for C compiler version
configure:3549:  /home/azpep/桌面/i686-elf-toolkit/gcc-12.1.0/build/./gcc/xgcc -B/home/azpep/桌面/i686-elf-toolkit/gcc-12.1.0/build/./gcc/ -B/usr/local/i686-elf/bin/ -B/usr/local/i686-elf/lib/ -isystem /usr/local/i686-elf/include -isystem /usr/local/i686-elf/sys-include    --version >&5
xgcc (GCC) 12.1.0
Copyright (C) 2022 Free Software Foundation, Inc.
This is free software; see the source for copying conditions.  There is NO
warranty; not even for MERCHANTABILITY or FITNESS FOR A PARTICULAR PURPOSE.

configure:3560: $? = 0
configure:3549:  /home/azpep/桌面/i686-elf-toolkit/gcc-12.1.0/build/./gcc/xgcc -B/home/azpep/桌面/i686-elf-toolkit/gcc-12.1.0/build/./gcc/ -B/usr/local/i686-elf/bin/ -B/usr/local/i686-elf/lib/ -isystem /usr/local/i686-elf/include -isystem /usr/local/i686-elf/sys-include    -v >&5
Reading specs from /home/azpep/桌面/i686-elf-toolkit/gcc-12.1.0/build/./gcc/specs
COLLECT_GCC=/home/azpep/桌面/i686-elf-toolkit/gcc-12.1.0/build/./gcc/xgcc
COLLECT_LTO_WRAPPER=/home/azpep/桌面/i686-elf-toolkit/gcc-12.1.0/build/./gcc/lto-wrapper
Target: i686-elf
Configured with: ../configure --target=i686-elf --prefix=/usr/local --disable-nls --enable-languages=c,c++ --without-headers
Thread model: single
Supported LTO compression algorithms: zlib
gcc version 12.1.0 (GCC) 
configure:3560: $? = 0
configure:3549:  /home/azpep/桌面/i686-elf-toolkit/gcc-12.1.0/build/./gcc/xgcc -B/home/azpep/桌面/i686-elf-toolkit/gcc-12.1.0/build/./gcc/ -B/usr/local/i686-elf/bin/ -B/usr/local/i686-elf/lib/ -isystem /usr/local/i686-elf/include -isystem /usr/local/i686-elf/sys-include    -V >&5
xgcc: error: unrecognized command-line option '-V'
xgcc: fatal error: no input files
compilation terminated.
configure:3560: $? = 1
configure:3549:  /home/azpep/桌面/i686-elf-toolkit/gcc-12.1.0/build/./gcc/xgcc -B/home/azpep/桌面/i686-elf-toolkit/gcc-12.1.0/build/./gcc/ -B/usr/local/i686-elf/bin/ -B/usr/local/i686-elf/lib/ -isystem /usr/local/i686-elf/include -isystem /usr/local/i686-elf/sys-include    -qversion >&5
xgcc: error: unrecognized command-line option '-qversion'; did you mean '--version'?
xgcc: fatal error: no input files
compilation terminated.
configure:3560: $? = 1
configure:3576:  /home/azpep/桌面/i686-elf-toolkit/gcc-12.1.0/build/./gcc/xgcc -B/home/azpep/桌面/i686-elf-toolkit/gcc-12.1.0/build/./gcc/ -B/usr/local/i686-elf/bin/ -B/usr/local/i686-elf/lib/ -isystem /usr/local/i686-elf/include -isystem /usr/local/i686-elf/sys-include    -o conftest -g -O2   conftest.c  >&5
conftest.c:9:10: fatal error: stdio.h: No such file or directory
    9 | #include <stdio.h>
      |          ^~~~~~~~~
compilation terminated.
configure:3579: $? = 1
configure:3792: checking for suffix of object files
configure:3814:  /home/azpep/桌面/i686-elf-toolkit/gcc-12.1.0/build/./gcc/xgcc -B/home/azpep/桌面/i686-elf-toolkit/gcc-12.1.0/build/./gcc/ -B/usr/local/i686-elf/bin/ -B/usr/local/i686-elf/lib/ -isystem /usr/local/i686-elf/include -isystem /usr/local/i686-elf/sys-include    -c -g -O2  conftest.c >&5
configure:3818: $? = 0
configure:3839: result: o
configure:3843: checking whether we are using the GNU C compiler
configure:3862:  /home/azpep/桌面/i686-elf-toolkit/gcc-12.1.0/build/./gcc/xgcc -B/home/azpep/桌面/i686-elf-toolkit/gcc-12.1.0/build/./gcc/ -B/usr/local/i686-elf/bin/ -B/usr/local/i686-elf/lib/ -isystem /usr/local/i686-elf/include -isystem /usr/local/i686-elf/sys-include    -c -g -O2  conftest.c >&5
configure:3862: $? = 0
configure:3871: result: yes
configure:3880: checking whether  /home/azpep/桌面/i686-elf-toolkit/gcc-12.1.0/build/./gcc/xgcc -B/home/azpep/桌面/i686-elf-toolkit/gcc-12.1.0/build/./gcc/ -B/usr/local/i686-elf/bin/ -B/usr/local/i686-elf/lib/ -isystem /usr/local/i686-elf/include -isystem /usr/local/i686-elf/sys-include    accepts -g
configure:3900:  /home/azpep/桌面/i686-elf-toolkit/gcc-12.1.0/build/./gcc/xgcc -B/home/azpep/桌面/i686-elf-toolkit/gcc-12.1.0/build/./gcc/ -B/usr/local/i686-elf/bin/ -B/usr/local/i686-elf/lib/ -isystem /usr/local/i686-elf/include -isystem /usr/local/i686-elf/sys-include    -c -g  conftest.c >&5
configure:3900: $? = 0
configure:3941: result: yes
configure:3958: checking for  /home/azpep/桌面/i686-elf-toolkit/gcc-12.1.0/build/./gcc/xgcc -B/home/azpep/桌面/i686-elf-toolkit/gcc-12.1.0/build/./gcc/ -B/usr/local/i686-elf/bin/ -B/usr/local/i686-elf/lib/ -isystem /usr/local/i686-elf/include -isystem /usr/local/i686-elf/sys-include    option to accept ISO C89
configure:4021:  /home/azpep/桌面/i686-elf-toolkit/gcc-12.1.0/build/./gcc/xgcc -B/home/azpep/桌面/i686-elf-toolkit/gcc-12.1.0/build/./gcc/ -B/usr/local/i686-elf/bin/ -B/usr/local/i686-elf/lib/ -isystem /usr/local/i686-elf/include -isystem /usr/local/i686-elf/sys-include     -c -g -O2  conftest.c >&5
conftest.c:10:10: fatal error: stdio.h: No such file or directory
   10 | #include <stdio.h>
      |          ^~~~~~~~~
compilation terminated.
configure:4021: $? = 1
configure: failed program was:
| /* confdefs.h */
| #define PACKAGE_NAME "GNU C Runtime Library"
| #define PACKAGE_TARNAME "libgcc"
| #define PACKAGE_VERSION "1.0"
| #define PACKAGE_STRING "GNU C Runtime Library 1.0"
| #define PACKAGE_BUGREPORT ""
| #define PACKAGE_URL "http://www.gnu.org/software/libgcc/"
| /* end confdefs.h.  */
| #include <stdarg.h>
| #include <stdio.h>
| struct stat;
| /* Most of the following tests are stolen from RCS 5.7's src/conf.sh.  */
| struct buf { int x; };
| FILE * (*rcsopen) (struct buf *, struct stat *, int);
| static char *e (p, i)
|      char **p;
|      int i;
| {
|   return p[i];
| }
| static char *f (char * (*g) (char **, int), char **p, ...)
| {
|   char *s;
|   va_list v;
|   va_start (v,p);
|   s = g (p, va_arg (v,int));
|   va_end (v);
|   return s;
| }
| 
| /* OSF 4.0 Compaq cc is some sort of almost-ANSI by default.  It has
|    function prototypes and stuff, but not '\xHH' hex character constants.
|    These don't provoke an error unfortunately, instead are silently treated
|    as 'x'.  The following induces an error, until -std is added to get
|    proper ANSI mode.  Curiously '\x00'!='x' always comes out true, for an
|    array size at least.  It's necessary to write '\x00'==0 to get something
|    that's true only with -std.  */
| int osf4_cc_array ['\x00' == 0 ? 1 : -1];
| 
| /* IBM C 6 for AIX is almost-ANSI by default, but it replaces macro parameters
|    inside strings and character constants.  */
| #define FOO(x) 'x'
| int xlc6_cc_array[FOO(a) == 'x' ? 1 : -1];
| 
| int test (int i, double x);
| struct s1 {int (*f) (int a);};
| struct s2 {int (*f) (double a);};
| int pairnames (int, char **, FILE *(*)(struct buf *, struct stat *, int), int, int);
| int argc;
| char **argv;
| int
| main ()
| {
| return f (e, argv, 0) != argv[0]  ||  f (e, argv, 1) != argv[1];
|   ;
|   return 0;
| }
configure:4021:  /home/azpep/桌面/i686-elf-toolkit/gcc-12.1.0/build/./gcc/xgcc -B/home/azpep/桌面/i686-elf-toolkit/gcc-12.1.0/build/./gcc/ -B/usr/local/i686-elf/bin/ -B/usr/local/i686-elf/lib/ -isystem /usr/local/i686-elf/include -isystem /usr/local/i686-elf/sys-include    -qlanglvl=extc89 -c -g -O2  conftest.c >&5
xgcc: error: unrecognized command-line option '-qlanglvl=extc89'
configure:4021: $? = 1
configure: failed program was:
| /* confdefs.h */
| #define PACKAGE_NAME "GNU C Runtime Library"
| #define PACKAGE_TARNAME "libgcc"
| #define PACKAGE_VERSION "1.0"
| #define PACKAGE_STRING "GNU C Runtime Library 1.0"
| #define PACKAGE_BUGREPORT ""
| #define PACKAGE_URL "http://www.gnu.org/software/libgcc/"
| /* end confdefs.h.  */
| #include <stdarg.h>
| #include <stdio.h>
| struct stat;
| /* Most of the following tests are stolen from RCS 5.7's src/conf.sh.  */
| struct buf { int x; };
| FILE * (*rcsopen) (struct buf *, struct stat *, int);
| static char *e (p, i)
|      char **p;
|      int i;
| {
|   return p[i];
| }
| static char *f (char * (*g) (char **, int), char **p, ...)
| {
|   char *s;
|   va_list v;
|   va_start (v,p);
|   s = g (p, va_arg (v,int));
|   va_end (v);
|   return s;
| }
| 
| /* OSF 4.0 Compaq cc is some sort of almost-ANSI by default.  It has
|    function prototypes and stuff, but not '\xHH' hex character constants.
|    These don't provoke an error unfortunately, instead are silently treated
|    as 'x'.  The following induces an error, until -std is added to get
|    proper ANSI mode.  Curiously '\x00'!='x' always comes out true, for an
|    array size at least.  It's necessary to write '\x00'==0 to get something
|    that's true only with -std.  */
| int osf4_cc_array ['\x00' == 0 ? 1 : -1];
| 
| /* IBM C 6 for AIX is almost-ANSI by default, but it replaces macro parameters
|    inside strings and character constants.  */
| #define FOO(x) 'x'
| int xlc6_cc_array[FOO(a) == 'x' ? 1 : -1];
| 
| int test (int i, double x);
| struct s1 {int (*f) (int a);};
| struct s2 {int (*f) (double a);};
| int pairnames (int, char **, FILE *(*)(struct buf *, struct stat *, int), int, int);
| int argc;
| char **argv;
| int
| main ()
| {
| return f (e, argv, 0) != argv[0]  ||  f (e, argv, 1) != argv[1];
|   ;
|   return 0;
| }
configure:4021:  /home/azpep/桌面/i686-elf-toolkit/gcc-12.1.0/build/./gcc/xgcc -B/home/azpep/桌面/i686-elf-toolkit/gcc-12.1.0/build/./gcc/ -B/usr/local/i686-elf/bin/ -B/usr/local/i686-elf/lib/ -isystem /usr/local/i686-elf/include -isystem /usr/local/i686-elf/sys-include    -qlanglvl=ansi -c -g -O2  conftest.c >&5
xgcc: error: unrecognized command-line option '-qlanglvl=ansi'
configure:4021: $? = 1
configure: failed program was:
| /* confdefs.h */
| #define PACKAGE_NAME "GNU C Runtime Library"
| #define PACKAGE_TARNAME "libgcc"
| #define PACKAGE_VERSION "1.0"
| #define PACKAGE_STRING "GNU C Runtime Library 1.0"
| #define PACKAGE_BUGREPORT ""
| #define PACKAGE_URL "http://www.gnu.org/software/libgcc/"
| /* end confdefs.h.  */
| #include <stdarg.h>
| #include <stdio.h>
| struct stat;
| /* Most of the following tests are stolen from RCS 5.7's src/conf.sh.  */
| struct buf { int x; };
| FILE * (*rcsopen) (struct buf *, struct stat *, int);
| static char *e (p, i)
|      char **p;
|      int i;
| {
|   return p[i];
| }
| static char *f (char * (*g) (char **, int), char **p, ...)
| {
|   char *s;
|   va_list v;
|   va_start (v,p);
|   s = g (p, va_arg (v,int));
|   va_end (v);
|   return s;
| }
| 
| /* OSF 4.0 Compaq cc is some sort of almost-ANSI by default.  It has
|    function prototypes and stuff, but not '\xHH' hex character constants.
|    These don't provoke an error unfortunately, instead are silently treated
|    as 'x'.  The following induces an error, until -std is added to get
|    proper ANSI mode.  Curiously '\x00'!='x' always comes out true, for an
|    array size at least.  It's necessary to write '\x00'==0 to get something
|    that's true only with -std.  */
| int osf4_cc_array ['\x00' == 0 ? 1 : -1];
| 
| /* IBM C 6 for AIX is almost-ANSI by default, but it replaces macro parameters
|    inside strings and character constants.  */
| #define FOO(x) 'x'
| int xlc6_cc_array[FOO(a) == 'x' ? 1 : -1];
| 
| int test (int i, double x);
| struct s1 {int (*f) (int a);};
| struct s2 {int (*f) (double a);};
| int pairnames (int, char **, FILE *(*)(struct buf *, struct stat *, int), int, int);
| int argc;
| char **argv;
| int
| main ()
| {
| return f (e, argv, 0) != argv[0]  ||  f (e, argv, 1) != argv[1];
|   ;
|   return 0;
| }
configure:4021:  /home/azpep/桌面/i686-elf-toolkit/gcc-12.1.0/build/./gcc/xgcc -B/home/azpep/桌面/i686-elf-toolkit/gcc-12.1.0/build/./gcc/ -B/usr/local/i686-elf/bin/ -B/usr/local/i686-elf/lib/ -isystem /usr/local/i686-elf/include -isystem /usr/local/i686-elf/sys-include    -std -c -g -O2  conftest.c >&5
xgcc: error: unrecognized command-line option '-std'
configure:4021: $? = 1
configure: failed program was:
| /* confdefs.h */
| #define PACKAGE_NAME "GNU C Runtime Library"
| #define PACKAGE_TARNAME "libgcc"
| #define PACKAGE_VERSION "1.0"
| #define PACKAGE_STRING "GNU C Runtime Library 1.0"
| #define PACKAGE_BUGREPORT ""
| #define PACKAGE_URL "http://www.gnu.org/software/libgcc/"
| /* end confdefs.h.  */
| #include <stdarg.h>
| #include <stdio.h>
| struct stat;
| /* Most of the following tests are stolen from RCS 5.7's src/conf.sh.  */
| struct buf { int x; };
| FILE * (*rcsopen) (struct buf *, struct stat *, int);
| static char *e (p, i)
|      char **p;
|      int i;
| {
|   return p[i];
| }
| static char *f (char * (*g) (char **, int), char **p, ...)
| {
|   char *s;
|   va_list v;
|   va_start (v,p);
|   s = g (p, va_arg (v,int));
|   va_end (v);
|   return s;
| }
| 
| /* OSF 4.0 Compaq cc is some sort of almost-ANSI by default.  It has
|    function prototypes and stuff, but not '\xHH' hex character constants.
|    These don't provoke an error unfortunately, instead are silently treated
|    as 'x'.  The following induces an error, until -std is added to get
|    proper ANSI mode.  Curiously '\x00'!='x' always comes out true, for an
|    array size at least.  It's necessary to write '\x00'==0 to get something
|    that's true only with -std.  */
| int osf4_cc_array ['\x00' == 0 ? 1 : -1];
| 
| /* IBM C 6 for AIX is almost-ANSI by default, but it replaces macro parameters
|    inside strings and character constants.  */
| #define FOO(x) 'x'
| int xlc6_cc_array[FOO(a) == 'x' ? 1 : -1];
| 
| int test (int i, double x);
| struct s1 {int (*f) (int a);};
| struct s2 {int (*f) (double a);};
| int pairnames (int, char **, FILE *(*)(struct buf *, struct stat *, int), int, int);
| int argc;
| char **argv;
| int
| main ()
| {
| return f (e, argv, 0) != argv[0]  ||  f (e, argv, 1) != argv[1];
|   ;
|   return 0;
| }
configure:4021:  /home/azpep/桌面/i686-elf-toolkit/gcc-12.1.0/build/./gcc/xgcc -B/home/azpep/桌面/i686-elf-toolkit/gcc-12.1.0/build/./gcc/ -B/usr/local/i686-elf/bin/ -B/usr/local/i686-elf/lib/ -isystem /usr/local/i686-elf/include -isystem /usr/local/i686-elf/sys-include    -Ae -c -g -O2  conftest.c >&5
<command-line>: error: missing '(' after predicate
conftest.c:10:10: fatal error: stdio.h: No such file or directory
   10 | #include <stdio.h>
      |          ^~~~~~~~~
compilation terminated.
configure:4021: $? = 1
configure: failed program was:
| /* confdefs.h */
| #define PACKAGE_NAME "GNU C Runtime Library"
| #define PACKAGE_TARNAME "libgcc"
| #define PACKAGE_VERSION "1.0"
| #define PACKAGE_STRING "GNU C Runtime Library 1.0"
| #define PACKAGE_BUGREPORT ""
| #define PACKAGE_URL "http://www.gnu.org/software/libgcc/"
| /* end confdefs.h.  */
| #include <stdarg.h>
| #include <stdio.h>
| struct stat;
| /* Most of the following tests are stolen from RCS 5.7's src/conf.sh.  */
| struct buf { int x; };
| FILE * (*rcsopen) (struct buf *, struct stat *, int);
| static char *e (p, i)
|      char **p;
|      int i;
| {
|   return p[i];
| }
| static char *f (char * (*g) (char **, int), char **p, ...)
| {
|   char *s;
|   va_list v;
|   va_start (v,p);
|   s = g (p, va_arg (v,int));
|   va_end (v);
|   return s;
| }
| 
| /* OSF 4.0 Compaq cc is some sort of almost-ANSI by default.  It has
|    function prototypes and stuff, but not '\xHH' hex character constants.
|    These don't provoke an error unfortunately, instead are silently treated
|    as 'x'.  The following induces an error, until -std is added to get
|    proper ANSI mode.  Curiously '\x00'!='x' always comes out true, for an
|    array size at least.  It's necessary to write '\x00'==0 to get something
|    that's true only with -std.  */
| int osf4_cc_array ['\x00' == 0 ? 1 : -1];
| 
| /* IBM C 6 for AIX is almost-ANSI by default, but it replaces macro parameters
|    inside strings and character constants.  */
| #define FOO(x) 'x'
| int xlc6_cc_array[FOO(a) == 'x' ? 1 : -1];
| 
| int test (int i, double x);
| struct s1 {int (*f) (int a);};
| struct s2 {int (*f) (double a);};
| int pairnames (int, char **, FILE *(*)(struct buf *, struct stat *, int), int, int);
| int argc;
| char **argv;
| int
| main ()
| {
| return f (e, argv, 0) != argv[0]  ||  f (e, argv, 1) != argv[1];
|   ;
|   return 0;
| }
configure:4021:  /home/azpep/桌面/i686-elf-toolkit/gcc-12.1.0/build/./gcc/xgcc -B/home/azpep/桌面/i686-elf-toolkit/gcc-12.1.0/build/./gcc/ -B/usr/local/i686-elf/bin/ -B/usr/local/i686-elf/lib/ -isystem /usr/local/i686-elf/include -isystem /usr/local/i686-elf/sys-include    -Aa -D_HPUX_SOURCE -c -g -O2  conftest.c >&5
<command-line>: error: missing '(' after predicate
conftest.c:10:10: fatal error: stdio.h: No such file or directory
   10 | #include <stdio.h>
      |          ^~~~~~~~~
compilation terminated.
configure:4021: $? = 1
configure: failed program was:
| /* confdefs.h */
| #define PACKAGE_NAME "GNU C Runtime Library"
| #define PACKAGE_TARNAME "libgcc"
| #define PACKAGE_VERSION "1.0"
| #define PACKAGE_STRING "GNU C Runtime Library 1.0"
| #define PACKAGE_BUGREPORT ""
| #define PACKAGE_URL "http://www.gnu.org/software/libgcc/"
| /* end confdefs.h.  */
| #include <stdarg.h>
| #include <stdio.h>
| struct stat;
| /* Most of the following tests are stolen from RCS 5.7's src/conf.sh.  */
| struct buf { int x; };
| FILE * (*rcsopen) (struct buf *, struct stat *, int);
| static char *e (p, i)
|      char **p;
|      int i;
| {
|   return p[i];
| }
| static char *f (char * (*g) (char **, int), char **p, ...)
| {
|   char *s;
|   va_list v;
|   va_start (v,p);
|   s = g (p, va_arg (v,int));
|   va_end (v);
|   return s;
| }
| 
| /* OSF 4.0 Compaq cc is some sort of almost-ANSI by default.  It has
|    function prototypes and stuff, but not '\xHH' hex character constants.
|    These don't provoke an error unfortunately, instead are silently treated
|    as 'x'.  The following induces an error, until -std is added to get
|    proper ANSI mode.  Curiously '\x00'!='x' always comes out true, for an
|    array size at least.  It's necessary to write '\x00'==0 to get something
|    that's true only with -std.  */
| int osf4_cc_array ['\x00' == 0 ? 1 : -1];
| 
| /* IBM C 6 for AIX is almost-ANSI by default, but it replaces macro parameters
|    inside strings and character constants.  */
| #define FOO(x) 'x'
| int xlc6_cc_array[FOO(a) == 'x' ? 1 : -1];
| 
| int test (int i, double x);
| struct s1 {int (*f) (int a);};
| struct s2 {int (*f) (double a);};
| int pairnames (int, char **, FILE *(*)(struct buf *, struct stat *, int), int, int);
| int argc;
| char **argv;
| int
| main ()
| {
| return f (e, argv, 0) != argv[0]  ||  f (e, argv, 1) != argv[1];
|   ;
|   return 0;
| }
configure:4021:  /home/azpep/桌面/i686-elf-toolkit/gcc-12.1.0/build/./gcc/xgcc -B/home/azpep/桌面/i686-elf-toolkit/gcc-12.1.0/build/./gcc/ -B/usr/local/i686-elf/bin/ -B/usr/local/i686-elf/lib/ -isystem /usr/local/i686-elf/include -isystem /usr/local/i686-elf/sys-include    -Xc -D__EXTENSIONS__ -c -g -O2  conftest.c >&5
xgcc: error: unrecognized command-line option '-Xc'; did you mean '-X'?
configure:4021: $? = 1
configure: failed program was:
| /* confdefs.h */
| #define PACKAGE_NAME "GNU C Runtime Library"
| #define PACKAGE_TARNAME "libgcc"
| #define PACKAGE_VERSION "1.0"
| #define PACKAGE_STRING "GNU C Runtime Library 1.0"
| #define PACKAGE_BUGREPORT ""
| #define PACKAGE_URL "http://www.gnu.org/software/libgcc/"
| /* end confdefs.h.  */
| #include <stdarg.h>
| #include <stdio.h>
| struct stat;
| /* Most of the following tests are stolen from RCS 5.7's src/conf.sh.  */
| struct buf { int x; };
| FILE * (*rcsopen) (struct buf *, struct stat *, int);
| static char *e (p, i)
|      char **p;
|      int i;
| {
|   return p[i];
| }
| static char *f (char * (*g) (char **, int), char **p, ...)
| {
|   char *s;
|   va_list v;
|   va_start (v,p);
|   s = g (p, va_arg (v,int));
|   va_end (v);
|   return s;
| }
| 
| /* OSF 4.0 Compaq cc is some sort of almost-ANSI by default.  It has
|    function prototypes and stuff, but not '\xHH' hex character constants.
|    These don't provoke an error unfortunately, instead are silently treated
|    as 'x'.  The following induces an error, until -std is added to get
|    proper ANSI mode.  Curiously '\x00'!='x' always comes out true, for an
|    array size at least.  It's necessary to write '\x00'==0 to get something
|    that's true only with -std.  */
| int osf4_cc_array ['\x00' == 0 ? 1 : -1];
| 
| /* IBM C 6 for AIX is almost-ANSI by default, but it replaces macro parameters
|    inside strings and character constants.  */
| #define FOO(x) 'x'
| int xlc6_cc_array[FOO(a) == 'x' ? 1 : -1];
| 
| int test (int i, double x);
| struct s1 {int (*f) (int a);};
| struct s2 {int (*f) (double a);};
| int pairnames (int, char **, FILE *(*)(struct buf *, struct stat *, int), int, int);
| int argc;
| char **argv;
| int
| main ()
| {
| return f (e, argv, 0) != argv[0]  ||  f (e, argv, 1) != argv[1];
|   ;
|   return 0;
| }
configure:4037: result: unsupported
configure:4059: checking how to run the C preprocessor
configure:4090:  /home/azpep/桌面/i686-elf-toolkit/gcc-12.1.0/build/./gcc/xgcc -B/home/azpep/桌面/i686-elf-toolkit/gcc-12.1.0/build/./gcc/ -B/usr/local/i686-elf/bin/ -B/usr/local/i686-elf/lib/ -isystem /usr/local/i686-elf/include -isystem /usr/local/i686-elf/sys-include    -E  conftest.c
configure:4090: $? = 0
configure:4104:  /home/azpep/桌面/i686-elf-toolkit/gcc-12.1.0/build/./gcc/xgcc -B/home/azpep/桌面/i686-elf-toolkit/gcc-12.1.0/build/./gcc/ -B/usr/local/i686-elf/bin/ -B/usr/local/i686-elf/lib/ -isystem /usr/local/i686-elf/include -isystem /usr/local/i686-elf/sys-include    -E  conftest.c
conftest.c:9:10: fatal error: ac_nonexistent.h: No such file or directory
    9 | #include <ac_nonexistent.h>
      |          ^~~~~~~~~~~~~~~~~~
compilation terminated.
configure:4104: $? = 1
configure: failed program was:
| /* confdefs.h */
| #define PACKAGE_NAME "GNU C Runtime Library"
| #define PACKAGE_TARNAME "libgcc"
| #define PACKAGE_VERSION "1.0"
| #define PACKAGE_STRING "GNU C Runtime Library 1.0"
| #define PACKAGE_BUGREPORT ""
| #define PACKAGE_URL "http://www.gnu.org/software/libgcc/"
| /* end confdefs.h.  */
| #include <ac_nonexistent.h>
configure:4129: result:  /home/azpep/桌面/i686-elf-toolkit/gcc-12.1.0/build/./gcc/xgcc -B/home/azpep/桌面/i686-elf-toolkit/gcc-12.1.0/build/./gcc/ -B/usr/local/i686-elf/bin/ -B/usr/local/i686-elf/lib/ -isystem /usr/local/i686-elf/include -isystem /usr/local/i686-elf/sys-include    -E
configure:4149:  /home/azpep/桌面/i686-elf-toolkit/gcc-12.1.0/build/./gcc/xgcc -B/home/azpep/桌面/i686-elf-toolkit/gcc-12.1.0/build/./gcc/ -B/usr/local/i686-elf/bin/ -B/usr/local/i686-elf/lib/ -isystem /usr/local/i686-elf/include -isystem /usr/local/i686-elf/sys-include    -E  conftest.c
configure:4149: $? = 0
configure:4163:  /home/azpep/桌面/i686-elf-toolkit/gcc-12.1.0/build/./gcc/xgcc -B/home/azpep/桌面/i686-elf-toolkit/gcc-12.1.0/build/./gcc/ -B/usr/local/i686-elf/bin/ -B/usr/local/i686-elf/lib/ -isystem /usr/local/i686-elf/include -isystem /usr/local/i686-elf/sys-include    -E  conftest.c
conftest.c:9:10: fatal error: ac_nonexistent.h: No such file or directory
    9 | #include <ac_nonexistent.h>
      |          ^~~~~~~~~~~~~~~~~~
compilation terminated.
configure:4163: $? = 1
configure: failed program was:
| /* confdefs.h */
| #define PACKAGE_NAME "GNU C Runtime Library"
| #define PACKAGE_TARNAME "libgcc"
| #define PACKAGE_VERSION "1.0"
| #define PACKAGE_STRING "GNU C Runtime Library 1.0"
| #define PACKAGE_BUGREPORT ""
| #define PACKAGE_URL "http://www.gnu.org/software/libgcc/"
| /* end confdefs.h.  */
| #include <ac_nonexistent.h>
configure:4202: checking for special C compiler options needed for large files
configure:4247: result: no
configure:4253: checking for _FILE_OFFSET_BITS value needed for large files
configure:4278:  /home/azpep/桌面/i686-elf-toolkit/gcc-12.1.0/build/./gcc/xgcc -B/home/azpep/桌面/i686-elf-toolkit/gcc-12.1.0/build/./gcc/ -B/usr/local/i686-elf/bin/ -B/usr/local/i686-elf/lib/ -isystem /usr/local/i686-elf/include -isystem /usr/local/i686-elf/sys-include    -c -g -O2  conftest.c >&5
conftest.c:9:10: fatal error: sys/types.h: No such file or directory
    9 | #include <sys/types.h>
      |          ^~~~~~~~~~~~~
compilation terminated.
configure:4278: $? = 1
configure: failed program was:
| /* confdefs.h */
| #define PACKAGE_NAME "GNU C Runtime Library"
| #define PACKAGE_TARNAME "libgcc"
| #define PACKAGE_VERSION "1.0"
| #define PACKAGE_STRING "GNU C Runtime Library 1.0"
| #define PACKAGE_BUGREPORT ""
| #define PACKAGE_URL "http://www.gnu.org/software/libgcc/"
| /* end confdefs.h.  */
| #include <sys/types.h>
|  /* Check that off_t can represent 2**63 - 1 correctly.
|     We can't simply define LARGE_OFF_T to be 9223372036854775807,
|     since some C++ compilers masquerading as C compilers
|     incorrectly reject 9223372036854775807.  */
| #define LARGE_OFF_T (((off_t) 1 << 62) - 1 + ((off_t) 1 << 62))
|   int off_t_is_large[(LARGE_OFF_T % 2147483629 == 721
| 		       && LARGE_OFF_T % 2147483647 == 1)
| 		      ? 1 : -1];
| int
| main ()
| {
| 
|   ;
|   return 0;
| }
configure:4302:  /home/azpep/桌面/i686-elf-toolkit/gcc-12.1.0/build/./gcc/xgcc -B/home/azpep/桌面/i686-elf-toolkit/gcc-12.1.0/build/./gcc/ -B/usr/local/i686-elf/bin/ -B/usr/local/i686-elf/lib/ -isystem /usr/local/i686-elf/include -isystem /usr/local/i686-elf/sys-include    -c -g -O2  conftest.c >&5
conftest.c:10:10: fatal error: sys/types.h: No such file or directory
   10 | #include <sys/types.h>
      |          ^~~~~~~~~~~~~
compilation terminated.
configure:4302: $? = 1
configure: failed program was:
| /* confdefs.h */
| #define PACKAGE_NAME "GNU C Runtime Library"
| #define PACKAGE_TARNAME "libgcc"
| #define PACKAGE_VERSION "1.0"
| #define PACKAGE_STRING "GNU C Runtime Library 1.0"
| #define PACKAGE_BUGREPORT ""
| #define PACKAGE_URL "http://www.gnu.org/software/libgcc/"
| /* end confdefs.h.  */
| #define _FILE_OFFSET_BITS 64
| #include <sys/types.h>
|  /* Check that off_t can represent 2**63 - 1 correctly.
|     We can't simply define LARGE_OFF_T to be 9223372036854775807,
|     since some C++ compilers masquerading as C compilers
|     incorrectly reject 9223372036854775807.  */
| #define LARGE_OFF_T (((off_t) 1 << 62) - 1 + ((off_t) 1 << 62))
|   int off_t_is_large[(LARGE_OFF_T % 2147483629 == 721
| 		       && LARGE_OFF_T % 2147483647 == 1)
| 		      ? 1 : -1];
| int
| main ()
| {
| 
|   ;
|   return 0;
| }
configure:4310: result: unknown
configure:4322: checking for _LARGE_FILES value needed for large files
configure:4347:  /home/azpep/桌面/i686-elf-toolkit/gcc-12.1.0/build/./gcc/xgcc -B/home/azpep/桌面/i686-elf-toolkit/gcc-12.1.0/build/./gcc/ -B/usr/local/i686-elf/bin/ -B/usr/local/i686-elf/lib/ -isystem /usr/local/i686-elf/include -isystem /usr/local/i686-elf/sys-include    -c -g -O2  conftest.c >&5
conftest.c:9:10: fatal error: sys/types.h: No such file or directory
    9 | #include <sys/types.h>
      |          ^~~~~~~~~~~~~
compilation terminated.
configure:4347: $? = 1
configure: failed program was:
| /* confdefs.h */
| #define PACKAGE_NAME "GNU C Runtime Library"
| #define PACKAGE_TARNAME "libgcc"
| #define PACKAGE_VERSION "1.0"
| #define PACKAGE_STRING "GNU C Runtime Library 1.0"
| #define PACKAGE_BUGREPORT ""
| #define PACKAGE_URL "http://www.gnu.org/software/libgcc/"
| /* end confdefs.h.  */
| #include <sys/types.h>
|  /* Check that off_t can represent 2**63 - 1 correctly.
|     We can't simply define LARGE_OFF_T to be 9223372036854775807,
|     since some C++ compilers masquerading as C compilers
|     incorrectly reject 9223372036854775807.  */
| #define LARGE_OFF_T (((off_t) 1 << 62) - 1 + ((off_t) 1 << 62))
|   int off_t_is_large[(LARGE_OFF_T % 2147483629 == 721
| 		       && LARGE_OFF_T % 2147483647 == 1)
| 		      ? 1 : -1];
| int
| main ()
| {
| 
|   ;
|   return 0;
| }
configure:4371:  /home/azpep/桌面/i686-elf-toolkit/gcc-12.1.0/build/./gcc/xgcc -B/home/azpep/桌面/i686-elf-toolkit/gcc-12.1.0/build/./gcc/ -B/usr/local/i686-elf/bin/ -B/usr/local/i686-elf/lib/ -isystem /usr/local/i686-elf/include -isystem /usr/local/i686-elf/sys-include    -c -g -O2  conftest.c >&5
conftest.c:10:10: fatal error: sys/types.h: No such file or directory
   10 | #include <sys/types.h>
      |          ^~~~~~~~~~~~~
compilation terminated.
configure:4371: $? = 1
configure: failed program was:
| /* confdefs.h */
| #define PACKAGE_NAME "GNU C Runtime Library"
| #define PACKAGE_TARNAME "libgcc"
| #define PACKAGE_VERSION "1.0"
| #define PACKAGE_STRING "GNU C Runtime Library 1.0"
| #define PACKAGE_BUGREPORT ""
| #define PACKAGE_URL "http://www.gnu.org/software/libgcc/"
| /* end confdefs.h.  */
| #define _LARGE_FILES 1
| #include <sys/types.h>
|  /* Check that off_t can represent 2**63 - 1 correctly.
|     We can't simply define LARGE_OFF_T to be 9223372036854775807,
|     since some C++ compilers masquerading as C compilers
|     incorrectly reject 9223372036854775807.  */
| #define LARGE_OFF_T (((off_t) 1 << 62) - 1 + ((off_t) 1 << 62))
|   int off_t_is_large[(LARGE_OFF_T % 2147483629 == 721
| 		       && LARGE_OFF_T % 2147483647 == 1)
| 		      ? 1 : -1];
| int
| main ()
| {
| 
|   ;
|   return 0;
| }
configure:4379: result: unknown
configure:4401: checking size of double
configure:4406:  /home/azpep/桌面/i686-elf-toolkit/gcc-12.1.0/build/./gcc/xgcc -B/home/azpep/桌面/i686-elf-toolkit/gcc-12.1.0/build/./gcc/ -B/usr/local/i686-elf/bin/ -B/usr/local/i686-elf/lib/ -isystem /usr/local/i686-elf/include -isystem /usr/local/i686-elf/sys-include    -c -g -O2  conftest.c >&5
configure:4406: $? = 0
configure:4406:  /home/azpep/桌面/i686-elf-toolkit/gcc-12.1.0/build/./gcc/xgcc -B/home/azpep/桌面/i686-elf-toolkit/gcc-12.1.0/build/./gcc/ -B/usr/local/i686-elf/bin/ -B/usr/local/i686-elf/lib/ -isystem /usr/local/i686-elf/include -isystem /usr/local/i686-elf/sys-include    -c -g -O2  conftest.c >&5
conftest.c: In function 'main':
conftest.c:13:12: error: size of array 'test_array' is negative
   13 | static int test_array [1 - 2 * !(((long int) (sizeof (double))) <= 0)];
      |            ^~~~~~~~~~
configure:4406: $? = 1
configure: failed program was:
| /* confdefs.h */
| #define PACKAGE_NAME "GNU C Runtime Library"
| #define PACKAGE_TARNAME "libgcc"
| #define PACKAGE_VERSION "1.0"
| #define PACKAGE_STRING "GNU C Runtime Library 1.0"
| #define PACKAGE_BUGREPORT ""
| #define PACKAGE_URL "http://www.gnu.org/software/libgcc/"
| /* end confdefs.h.  */
| /* none */
| int
| main ()
| {
| static int test_array [1 - 2 * !(((long int) (sizeof (double))) <= 0)];
| test_array [0] = 0;
| return test_array [0];
| 
|   ;
|   return 0;
| }
configure:4406:  /home/azpep/桌面/i686-elf-toolkit/gcc-12.1.0/build/./gcc/xgcc -B/home/azpep/桌面/i686-elf-toolkit/gcc-12.1.0/build/./gcc/ -B/usr/local/i686-elf/bin/ -B/usr/local/i686-elf/lib/ -isystem /usr/local/i686-elf/include -isystem /usr/local/i686-elf/sys-include    -c -g -O2  conftest.c >&5
conftest.c: In function 'main':
conftest.c:13:12: error: size of array 'test_array' is negative
   13 | static int test_array [1 - 2 * !(((long int) (sizeof (double))) <= 1)];
      |            ^~~~~~~~~~
configure:4406: $? = 1
configure: failed program was:
| /* confdefs.h */
| #define PACKAGE_NAME "GNU C Runtime Library"
| #define PACKAGE_TARNAME "libgcc"
| #define PACKAGE_VERSION "1.0"
| #define PACKAGE_STRING "GNU C Runtime Library 1.0"
| #define PACKAGE_BUGREPORT ""
| #define PACKAGE_URL "http://www.gnu.org/software/libgcc/"
| /* end confdefs.h.  */
| /* none */
| int
| main ()
| {
| static int test_array [1 - 2 * !(((long int) (sizeof (double))) <= 1)];
| test_array [0] = 0;
| return test_array [0];
| 
|   ;
|   return 0;
| }
configure:4406:  /home/azpep/桌面/i686-elf-toolkit/gcc-12.1.0/build/./gcc/xgcc -B/home/azpep/桌面/i686-elf-toolkit/gcc-12.1.0/build/./gcc/ -B/usr/local/i686-elf/bin/ -B/usr/local/i686-elf/lib/ -isystem /usr/local/i686-elf/include -isystem /usr/local/i686-elf/sys-include    -c -g -O2  conftest.c >&5
conftest.c: In function 'main':
conftest.c:13:12: error: size of array 'test_array' is negative
   13 | static int test_array [1 - 2 * !(((long int) (sizeof (double))) <= 3)];
      |            ^~~~~~~~~~
configure:4406: $? = 1
configure: failed program was:
| /* confdefs.h */
| #define PACKAGE_NAME "GNU C Runtime Library"
| #define PACKAGE_TARNAME "libgcc"
| #define PACKAGE_VERSION "1.0"
| #define PACKAGE_STRING "GNU C Runtime Library 1.0"
| #define PACKAGE_BUGREPORT ""
| #define PACKAGE_URL "http://www.gnu.org/software/libgcc/"
| /* end confdefs.h.  */
| /* none */
| int
| main ()
| {
| static int test_array [1 - 2 * !(((long int) (sizeof (double))) <= 3)];
| test_array [0] = 0;
| return test_array [0];
| 
|   ;
|   return 0;
| }
configure:4406:  /home/azpep/桌面/i686-elf-toolkit/gcc-12.1.0/build/./gcc/xgcc -B/home/azpep/桌面/i686-elf-toolkit/gcc-12.1.0/build/./gcc/ -B/usr/local/i686-elf/bin/ -B/usr/local/i686-elf/lib/ -isystem /usr/local/i686-elf/include -isystem /usr/local/i686-elf/sys-include    -c -g -O2  conftest.c >&5
conftest.c: In function 'main':
conftest.c:13:12: error: size of array 'test_array' is negative
   13 | static int test_array [1 - 2 * !(((long int) (sizeof (double))) <= 7)];
      |            ^~~~~~~~~~
configure:4406: $? = 1
configure: failed program was:
| /* confdefs.h */
| #define PACKAGE_NAME "GNU C Runtime Library"
| #define PACKAGE_TARNAME "libgcc"
| #define PACKAGE_VERSION "1.0"
| #define PACKAGE_STRING "GNU C Runtime Library 1.0"
| #define PACKAGE_BUGREPORT ""
| #define PACKAGE_URL "http://www.gnu.org/software/libgcc/"
| /* end confdefs.h.  */
| /* none */
| int
| main ()
| {
| static int test_array [1 - 2 * !(((long int) (sizeof (double))) <= 7)];
| test_array [0] = 0;
| return test_array [0];
| 
|   ;
|   return 0;
| }
configure:4406:  /home/azpep/桌面/i686-elf-toolkit/gcc-12.1.0/build/./gcc/xgcc -B/home/azpep/桌面/i686-elf-toolkit/gcc-12.1.0/build/./gcc/ -B/usr/local/i686-elf/bin/ -B/usr/local/i686-elf/lib/ -isystem /usr/local/i686-elf/include -isystem /usr/local/i686-elf/sys-include    -c -g -O2  conftest.c >&5
configure:4406: $? = 0
configure:4406:  /home/azpep/桌面/i686-elf-toolkit/gcc-12.1.0/build/./gcc/xgcc -B/home/azpep/桌面/i686-elf-toolkit/gcc-12.1.0/build/./gcc/ -B/usr/local/i686-elf/bin/ -B/usr/local/i686-elf/lib/ -isystem /usr/local/i686-elf/include -isystem /usr/local/i686-elf/sys-include    -c -g -O2  conftest.c >&5
configure:4406: $? = 0
configure:4406:  /home/azpep/桌面/i686-elf-toolkit/gcc-12.1.0/build/./gcc/xgcc -B/home/azpep/桌面/i686-elf-toolkit/gcc-12.1.0/build/./gcc/ -B/usr/local/i686-elf/bin/ -B/usr/local/i686-elf/lib/ -isystem /usr/local/i686-elf/include -isystem /usr/local/i686-elf/sys-include    -c -g -O2  conftest.c >&5
configure:4406: $? = 0
configure:4406:  /home/azpep/桌面/i686-elf-toolkit/gcc-12.1.0/build/./gcc/xgcc -B/home/azpep/桌面/i686-elf-toolkit/gcc-12.1.0/build/./gcc/ -B/usr/local/i686-elf/bin/ -B/usr/local/i686-elf/lib/ -isystem /usr/local/i686-elf/include -isystem /usr/local/i686-elf/sys-include    -c -g -O2  conftest.c >&5
configure:4406: $? = 0
configure:4420: result: 8
configure:4434: checking size of long double
configure:4439:  /home/azpep/桌面/i686-elf-toolkit/gcc-12.1.0/build/./gcc/xgcc -B/home/azpep/桌面/i686-elf-toolkit/gcc-12.1.0/build/./gcc/ -B/usr/local/i686-elf/bin/ -B/usr/local/i686-elf/lib/ -isystem /usr/local/i686-elf/include -isystem /usr/local/i686-elf/sys-include    -c -g -O2  conftest.c >&5
configure:4439: $? = 0
configure:4439:  /home/azpep/桌面/i686-elf-toolkit/gcc-12.1.0/build/./gcc/xgcc -B/home/azpep/桌面/i686-elf-toolkit/gcc-12.1.0/build/./gcc/ -B/usr/local/i686-elf/bin/ -B/usr/local/i686-elf/lib/ -isystem /usr/local/i686-elf/include -isystem /usr/local/i686-elf/sys-include    -c -g -O2  conftest.c >&5
conftest.c: In function 'main':
conftest.c:14:12: error: size of array 'test_array' is negative
   14 | static int test_array [1 - 2 * !(((long int) (sizeof (long double))) <= 0)];
      |            ^~~~~~~~~~
configure:4439: $? = 1
configure: failed program was:
| /* confdefs.h */
| #define PACKAGE_NAME "GNU C Runtime Library"
| #define PACKAGE_TARNAME "libgcc"
| #define PACKAGE_VERSION "1.0"
| #define PACKAGE_STRING "GNU C Runtime Library 1.0"
| #define PACKAGE_BUGREPORT ""
| #define PACKAGE_URL "http://www.gnu.org/software/libgcc/"
| #define SIZEOF_DOUBLE 8
| /* end confdefs.h.  */
| /* none */
| int
| main ()
| {
| static int test_array [1 - 2 * !(((long int) (sizeof (long double))) <= 0)];
| test_array [0] = 0;
| return test_array [0];
| 
|   ;
|   return 0;
| }
configure:4439:  /home/azpep/桌面/i686-elf-toolkit/gcc-12.1.0/build/./gcc/xgcc -B/home/azpep/桌面/i686-elf-toolkit/gcc-12.1.0/build/./gcc/ -B/usr/local/i686-elf/bin/ -B/usr/local/i686-elf/lib/ -isystem /usr/local/i686-elf/include -isystem /usr/local/i686-elf/sys-include    -c -g -O2  conftest.c >&5
conftest.c: In function 'main':
conftest.c:14:12: error: size of array 'test_array' is negative
   14 | static int test_array [1 - 2 * !(((long int) (sizeof (long double))) <= 1)];
      |            ^~~~~~~~~~
configure:4439: $? = 1
configure: failed program was:
| /* confdefs.h */
| #define PACKAGE_NAME "GNU C Runtime Library"
| #define PACKAGE_TARNAME "libgcc"
| #define PACKAGE_VERSION "1.0"
| #define PACKAGE_STRING "GNU C Runtime Library 1.0"
| #define PACKAGE_BUGREPORT ""
| #define PACKAGE_URL "http://www.gnu.org/software/libgcc/"
| #define SIZEOF_DOUBLE 8
| /* end confdefs.h.  */
| /* none */
| int
| main ()
| {
| static int test_array [1 - 2 * !(((long int) (sizeof (long double))) <= 1)];
| test_array [0] = 0;
| return test_array [0];
| 
|   ;
|   return 0;
| }
configure:4439:  /home/azpep/桌面/i686-elf-toolkit/gcc-12.1.0/build/./gcc/xgcc -B/home/azpep/桌面/i686-elf-toolkit/gcc-12.1.0/build/./gcc/ -B/usr/local/i686-elf/bin/ -B/usr/local/i686-elf/lib/ -isystem /usr/local/i686-elf/include -isystem /usr/local/i686-elf/sys-include    -c -g -O2  conftest.c >&5
conftest.c: In function 'main':
conftest.c:14:12: error: size of array 'test_array' is negative
   14 | static int test_array [1 - 2 * !(((long int) (sizeof (long double))) <= 3)];
      |            ^~~~~~~~~~
configure:4439: $? = 1
configure: failed program was:
| /* confdefs.h */
| #define PACKAGE_NAME "GNU C Runtime Library"
| #define PACKAGE_TARNAME "libgcc"
| #define PACKAGE_VERSION "1.0"
| #define PACKAGE_STRING "GNU C Runtime Library 1.0"
| #define PACKAGE_BUGREPORT ""
| #define PACKAGE_URL "http://www.gnu.org/software/libgcc/"
| #define SIZEOF_DOUBLE 8
| /* end confdefs.h.  */
| /* none */
| int
| main ()
| {
| static int test_array [1 - 2 * !(((long int) (sizeof (long double))) <= 3)];
| test_array [0] = 0;
| return test_array [0];
| 
|   ;
|   return 0;
| }
configure:4439:  /home/azpep/桌面/i686-elf-toolkit/gcc-12.1.0/build/./gcc/xgcc -B/home/azpep/桌面/i686-elf-toolkit/gcc-12.1.0/build/./gcc/ -B/usr/local/i686-elf/bin/ -B/usr/local/i686-elf/lib/ -isystem /usr/local/i686-elf/include -isystem /usr/local/i686-elf/sys-include    -c -g -O2  conftest.c >&5
conftest.c: In function 'main':
conftest.c:14:12: error: size of array 'test_array' is negative
   14 | static int test_array [1 - 2 * !(((long int) (sizeof (long double))) <= 7)];
      |            ^~~~~~~~~~
configure:4439: $? = 1
configure: failed program was:
| /* confdefs.h */
| #define PACKAGE_NAME "GNU C Runtime Library"
| #define PACKAGE_TARNAME "libgcc"
| #define PACKAGE_VERSION "1.0"
| #define PACKAGE_STRING "GNU C Runtime Library 1.0"
| #define PACKAGE_BUGREPORT ""
| #define PACKAGE_URL "http://www.gnu.org/software/libgcc/"
| #define SIZEOF_DOUBLE 8
| /* end confdefs.h.  */
| /* none */
| int
| main ()
| {
| static int test_array [1 - 2 * !(((long int) (sizeof (long double))) <= 7)];
| test_array [0] = 0;
| return test_array [0];
| 
|   ;
|   return 0;
| }
configure:4439:  /home/azpep/桌面/i686-elf-toolkit/gcc-12.1.0/build/./gcc/xgcc -B/home/azpep/桌面/i686-elf-toolkit/gcc-12.1.0/build/./gcc/ -B/usr/local/i686-elf/bin/ -B/usr/local/i686-elf/lib/ -isystem /usr/local/i686-elf/include -isystem /usr/local/i686-elf/sys-include    -c -g -O2  conftest.c >&5
configure:4439: $? = 0
configure:4439:  /home/azpep/桌面/i686-elf-toolkit/gcc-12.1.0/build/./gcc/xgcc -B/home/azpep/桌面/i686-elf-toolkit/gcc-12.1.0/build/./gcc/ -B/usr/local/i686-elf/bin/ -B/usr/local/i686-elf/lib/ -isystem /usr/local/i686-elf/include -isystem /usr/local/i686-elf/sys-include    -c -g -O2  conftest.c >&5
conftest.c: In function 'main':
conftest.c:14:12: error: size of array 'test_array' is negative
   14 | static int test_array [1 - 2 * !(((long int) (sizeof (long double))) <= 11)];
      |            ^~~~~~~~~~
configure:4439: $? = 1
configure: failed program was:
| /* confdefs.h */
| #define PACKAGE_NAME "GNU C Runtime Library"
| #define PACKAGE_TARNAME "libgcc"
| #define PACKAGE_VERSION "1.0"
| #define PACKAGE_STRING "GNU C Runtime Library 1.0"
| #define PACKAGE_BUGREPORT ""
| #define PACKAGE_URL "http://www.gnu.org/software/libgcc/"
| #define SIZEOF_DOUBLE 8
| /* end confdefs.h.  */
| /* none */
| int
| main ()
| {
| static int test_array [1 - 2 * !(((long int) (sizeof (long double))) <= 11)];
| test_array [0] = 0;
| return test_array [0];
| 
|   ;
|   return 0;
| }
configure:4439:  /home/azpep/桌面/i686-elf-toolkit/gcc-12.1.0/build/./gcc/xgcc -B/home/azpep/桌面/i686-elf-toolkit/gcc-12.1.0/build/./gcc/ -B/usr/local/i686-elf/bin/ -B/usr/local/i686-elf/lib/ -isystem /usr/local/i686-elf/include -isystem /usr/local/i686-elf/sys-include    -c -g -O2  conftest.c >&5
configure:4439: $? = 0
configure:4439:  /home/azpep/桌面/i686-elf-toolkit/gcc-12.1.0/build/./gcc/xgcc -B/home/azpep/桌面/i686-elf-toolkit/gcc-12.1.0/build/./gcc/ -B/usr/local/i686-elf/bin/ -B/usr/local/i686-elf/lib/ -isystem /usr/local/i686-elf/include -isystem /usr/local/i686-elf/sys-include    -c -g -O2  conftest.c >&5
configure:4439: $? = 0
configure:4453: result: 12
configure:4474: checking for inttypes.h
configure:4474:  /home/azpep/桌面/i686-elf-toolkit/gcc-12.1.0/build/./gcc/xgcc -B/home/azpep/桌面/i686-elf-toolkit/gcc-12.1.0/build/./gcc/ -B/usr/local/i686-elf/bin/ -B/usr/local/i686-elf/lib/ -isystem /usr/local/i686-elf/include -isystem /usr/local/i686-elf/sys-include    -E  conftest.c
conftest.c:11:10: fatal error: inttypes.h: No such file or directory
   11 | #include <inttypes.h>
      |          ^~~~~~~~~~~~
compilation terminated.
configure:4474: $? = 1
configure: failed program was:
| /* confdefs.h */
| #define PACKAGE_NAME "GNU C Runtime Library"
| #define PACKAGE_TARNAME "libgcc"
| #define PACKAGE_VERSION "1.0"
| #define PACKAGE_STRING "GNU C Runtime Library 1.0"
| #define PACKAGE_BUGREPORT ""
| #define PACKAGE_URL "http://www.gnu.org/software/libgcc/"
| #define SIZEOF_DOUBLE 8
| #define SIZEOF_LONG_DOUBLE 12
| /* end confdefs.h.  */
| #include <inttypes.h>
configure:4474: result: no
configure:4474: checking for stdint.h
configure:4474:  /home/azpep/桌面/i686-elf-toolkit/gcc-12.1.0/build/./gcc/xgcc -B/home/azpep/桌面/i686-elf-toolkit/gcc-12.1.0/build/./gcc/ -B/usr/local/i686-elf/bin/ -B/usr/local/i686-elf/lib/ -isystem /usr/local/i686-elf/include -isystem /usr/local/i686-elf/sys-include    -E  conftest.c
In file included from conftest.c:11:
/home/azpep/桌面/i686-elf-toolkit/gcc-12.1.0/build/gcc/include/stdint.h:9:16: fatal error: stdint.h: No such file or directory
    9 | # include_next <stdint.h>
      |                ^~~~~~~~~~
compilation terminated.
configure:4474: $? = 1
configure: failed program was:
| /* confdefs.h */
| #define PACKAGE_NAME "GNU C Runtime Library"
| #define PACKAGE_TARNAME "libgcc"
| #define PACKAGE_VERSION "1.0"
| #define PACKAGE_STRING "GNU C Runtime Library 1.0"
| #define PACKAGE_BUGREPORT ""
| #define PACKAGE_URL "http://www.gnu.org/software/libgcc/"
| #define SIZEOF_DOUBLE 8
| #define SIZEOF_LONG_DOUBLE 12
| /* end confdefs.h.  */
| #include <stdint.h>
configure:4474: result: no
configure:4474: checking for stdlib.h
configure:4474:  /home/azpep/桌面/i686-elf-toolkit/gcc-12.1.0/build/./gcc/xgcc -B/home/azpep/桌面/i686-elf-toolkit/gcc-12.1.0/build/./gcc/ -B/usr/local/i686-elf/bin/ -B/usr/local/i686-elf/lib/ -isystem /usr/local/i686-elf/include -isystem /usr/local/i686-elf/sys-include    -E  conftest.c
conftest.c:11:10: fatal error: stdlib.h: No such file or directory
   11 | #include <stdlib.h>
      |          ^~~~~~~~~~
compilation terminated.
configure:4474: $? = 1
configure: failed program was:
| /* confdefs.h */
| #define PACKAGE_NAME "GNU C Runtime Library"
| #define PACKAGE_TARNAME "libgcc"
| #define PACKAGE_VERSION "1.0"
| #define PACKAGE_STRING "GNU C Runtime Library 1.0"
| #define PACKAGE_BUGREPORT ""
| #define PACKAGE_URL "http://www.gnu.org/software/libgcc/"
| #define SIZEOF_DOUBLE 8
| #define SIZEOF_LONG_DOUBLE 12
| /* end confdefs.h.  */
| #include <stdlib.h>
configure:4474: result: no
configure:4474: checking for ftw.h
configure:4474:  /home/azpep/桌面/i686-elf-toolkit/gcc-12.1.0/build/./gcc/xgcc -B/home/azpep/桌面/i686-elf-toolkit/gcc-12.1.0/build/./gcc/ -B/usr/local/i686-elf/bin/ -B/usr/local/i686-elf/lib/ -isystem /usr/local/i686-elf/include -isystem /usr/local/i686-elf/sys-include    -E  conftest.c
conftest.c:11:10: fatal error: ftw.h: No such file or directory
   11 | #include <ftw.h>
      |          ^~~~~~~
compilation terminated.
configure:4474: $? = 1
configure: failed program was:
| /* confdefs.h */
| #define PACKAGE_NAME "GNU C Runtime Library"
| #define PACKAGE_TARNAME "libgcc"
| #define PACKAGE_VERSION "1.0"
| #define PACKAGE_STRING "GNU C Runtime Library 1.0"
| #define PACKAGE_BUGREPORT ""
| #define PACKAGE_URL "http://www.gnu.org/software/libgcc/"
| #define SIZEOF_DOUBLE 8
| #define SIZEOF_LONG_DOUBLE 12
| /* end confdefs.h.  */
| #include <ftw.h>
configure:4474: result: no
configure:4474: checking for unistd.h
configure:4474:  /home/azpep/桌面/i686-elf-toolkit/gcc-12.1.0/build/./gcc/xgcc -B/home/azpep/桌面/i686-elf-toolkit/gcc-12.1.0/build/./gcc/ -B/usr/local/i686-elf/bin/ -B/usr/local/i686-elf/lib/ -isystem /usr/local/i686-elf/include -isystem /usr/local/i686-elf/sys-include    -E  conftest.c
conftest.c:11:10: fatal error: unistd.h: No such file or directory
   11 | #include <unistd.h>
      |          ^~~~~~~~~~
compilation terminated.
configure:4474: $? = 1
configure: failed program was:
| /* confdefs.h */
| #define PACKAGE_NAME "GNU C Runtime Library"
| #define PACKAGE_TARNAME "libgcc"
| #define PACKAGE_VERSION "1.0"
| #define PACKAGE_STRING "GNU C Runtime Library 1.0"
| #define PACKAGE_BUGREPORT ""
| #define PACKAGE_URL "http://www.gnu.org/software/libgcc/"
| #define SIZEOF_DOUBLE 8
| #define SIZEOF_LONG_DOUBLE 12
| /* end confdefs.h.  */
| #include <unistd.h>
configure:4474: result: no
configure:4474: checking for sys/stat.h
configure:4474:  /home/azpep/桌面/i686-elf-toolkit/gcc-12.1.0/build/./gcc/xgcc -B/home/azpep/桌面/i686-elf-toolkit/gcc-12.1.0/build/./gcc/ -B/usr/local/i686-elf/bin/ -B/usr/local/i686-elf/lib/ -isystem /usr/local/i686-elf/include -isystem /usr/local/i686-elf/sys-include    -E  conftest.c
conftest.c:11:10: fatal error: sys/stat.h: No such file or directory
   11 | #include <sys/stat.h>
      |          ^~~~~~~~~~~~
compilation terminated.
configure:4474: $? = 1
configure: failed program was:
| /* confdefs.h */
| #define PACKAGE_NAME "GNU C Runtime Library"
| #define PACKAGE_TARNAME "libgcc"
| #define PACKAGE_VERSION "1.0"
| #define PACKAGE_STRING "GNU C Runtime Library 1.0"
| #define PACKAGE_BUGREPORT ""
| #define PACKAGE_URL "http://www.gnu.org/software/libgcc/"
| #define SIZEOF_DOUBLE 8
| #define SIZEOF_LONG_DOUBLE 12
| /* end confdefs.h.  */
| #include <sys/stat.h>
configure:4474: result: no
configure:4474: checking for sys/types.h
configure:4474:  /home/azpep/桌面/i686-elf-toolkit/gcc-12.1.0/build/./gcc/xgcc -B/home/azpep/桌面/i686-elf-toolkit/gcc-12.1.0/build/./gcc/ -B/usr/local/i686-elf/bin/ -B/usr/local/i686-elf/lib/ -isystem /usr/local/i686-elf/include -isystem /usr/local/i686-elf/sys-include    -E  conftest.c
conftest.c:11:10: fatal error: sys/types.h: No such file or directory
   11 | #include <sys/types.h>
      |          ^~~~~~~~~~~~~
compilation terminated.
configure:4474: $? = 1
configure: failed program was:
| /* confdefs.h */
| #define PACKAGE_NAME "GNU C Runtime Library"
| #define PACKAGE_TARNAME "libgcc"
| #define PACKAGE_VERSION "1.0"
| #define PACKAGE_STRING "GNU C Runtime Library 1.0"
| #define PACKAGE_BUGREPORT ""
| #define PACKAGE_URL "http://www.gnu.org/software/libgcc/"
| #define SIZEOF_DOUBLE 8
| #define SIZEOF_LONG_DOUBLE 12
| /* end confdefs.h.  */
| #include <sys/types.h>
configure:4474: result: no
configure:4474: checking for string.h
configure:4474:  /home/azpep/桌面/i686-elf-toolkit/gcc-12.1.0/build/./gcc/xgcc -B/home/azpep/桌面/i686-elf-toolkit/gcc-12.1.0/build/./gcc/ -B/usr/local/i686-elf/bin/ -B/usr/local/i686-elf/lib/ -isystem /usr/local/i686-elf/include -isystem /usr/local/i686-elf/sys-include    -E  conftest.c
conftest.c:11:10: fatal error: string.h: No such file or directory
   11 | #include <string.h>
      |          ^~~~~~~~~~
compilation terminated.
configure:4474: $? = 1
configure: failed program was:
| /* confdefs.h */
| #define PACKAGE_NAME "GNU C Runtime Library"
| #define PACKAGE_TARNAME "libgcc"
| #define PACKAGE_VERSION "1.0"
| #define PACKAGE_STRING "GNU C Runtime Library 1.0"
| #define PACKAGE_BUGREPORT ""
| #define PACKAGE_URL "http://www.gnu.org/software/libgcc/"
| #define SIZEOF_DOUBLE 8
| #define SIZEOF_LONG_DOUBLE 12
| /* end confdefs.h.  */
| #include <string.h>
configure:4474: result: no
configure:4474: checking for strings.h
configure:4474:  /home/azpep/桌面/i686-elf-toolkit/gcc-12.1.0/build/./gcc/xgcc -B/home/azpep/桌面/i686-elf-toolkit/gcc-12.1.0/build/./gcc/ -B/usr/local/i686-elf/bin/ -B/usr/local/i686-elf/lib/ -isystem /usr/local/i686-elf/include -isystem /usr/local/i686-elf/sys-include    -E  conftest.c
conftest.c:11:10: fatal error: strings.h: No such file or directory
   11 | #include <strings.h>
      |          ^~~~~~~~~~~
compilation terminated.
configure:4474: $? = 1
configure: failed program was:
| /* confdefs.h */
| #define PACKAGE_NAME "GNU C Runtime Library"
| #define PACKAGE_TARNAME "libgcc"
| #define PACKAGE_VERSION "1.0"
| #define PACKAGE_STRING "GNU C Runtime Library 1.0"
| #define PACKAGE_BUGREPORT ""
| #define PACKAGE_URL "http://www.gnu.org/software/libgcc/"
| #define SIZEOF_DOUBLE 8
| #define SIZEOF_LONG_DOUBLE 12
| /* end confdefs.h.  */
| #include <strings.h>
configure:4474: result: no
configure:4474: checking for memory.h
configure:4474:  /home/azpep/桌面/i686-elf-toolkit/gcc-12.1.0/build/./gcc/xgcc -B/home/azpep/桌面/i686-elf-toolkit/gcc-12.1.0/build/./gcc/ -B/usr/local/i686-elf/bin/ -B/usr/local/i686-elf/lib/ -isystem /usr/local/i686-elf/include -isystem /usr/local/i686-elf/sys-include    -E  conftest.c
conftest.c:11:10: fatal error: memory.h: No such file or directory
   11 | #include <memory.h>
      |          ^~~~~~~~~~
compilation terminated.
configure:4474: $? = 1
configure: failed program was:
| /* confdefs.h */
| #define PACKAGE_NAME "GNU C Runtime Library"
| #define PACKAGE_TARNAME "libgcc"
| #define PACKAGE_VERSION "1.0"
| #define PACKAGE_STRING "GNU C Runtime Library 1.0"
| #define PACKAGE_BUGREPORT ""
| #define PACKAGE_URL "http://www.gnu.org/software/libgcc/"
| #define SIZEOF_DOUBLE 8
| #define SIZEOF_LONG_DOUBLE 12
| /* end confdefs.h.  */
| #include <memory.h>
configure:4474: result: no
configure:4474: checking for sys/auxv.h
configure:4474:  /home/azpep/桌面/i686-elf-toolkit/gcc-12.1.0/build/./gcc/xgcc -B/home/azpep/桌面/i686-elf-toolkit/gcc-12.1.0/build/./gcc/ -B/usr/local/i686-elf/bin/ -B/usr/local/i686-elf/lib/ -isystem /usr/local/i686-elf/include -isystem /usr/local/i686-elf/sys-include    -E  conftest.c
conftest.c:11:10: fatal error: sys/auxv.h: No such file or directory
   11 | #include <sys/auxv.h>
      |          ^~~~~~~~~~~~
compilation terminated.
configure:4474: $? = 1
configure: failed program was:
| /* confdefs.h */
| #define PACKAGE_NAME "GNU C Runtime Library"
| #define PACKAGE_TARNAME "libgcc"
| #define PACKAGE_VERSION "1.0"
| #define PACKAGE_STRING "GNU C Runtime Library 1.0"
| #define PACKAGE_BUGREPORT ""
| #define PACKAGE_URL "http://www.gnu.org/software/libgcc/"
| #define SIZEOF_DOUBLE 8
| #define SIZEOF_LONG_DOUBLE 12
| /* end confdefs.h.  */
| #include <sys/auxv.h>
configure:4474: result: no
configure:4474: checking for sys/mman.h
configure:4474:  /home/azpep/桌面/i686-elf-toolkit/gcc-12.1.0/build/./gcc/xgcc -B/home/azpep/桌面/i686-elf-toolkit/gcc-12.1.0/build/./gcc/ -B/usr/local/i686-elf/bin/ -B/usr/local/i686-elf/lib/ -isystem /usr/local/i686-elf/include -isystem /usr/local/i686-elf/sys-include    -E  conftest.c
conftest.c:11:10: fatal error: sys/mman.h: No such file or directory
   11 | #include <sys/mman.h>
      |          ^~~~~~~~~~~~
compilation terminated.
configure:4474: $? = 1
configure: failed program was:
| /* confdefs.h */
| #define PACKAGE_NAME "GNU C Runtime Library"
| #define PACKAGE_TARNAME "libgcc"
| #define PACKAGE_VERSION "1.0"
| #define PACKAGE_STRING "GNU C Runtime Library 1.0"
| #define PACKAGE_BUGREPORT ""
| #define PACKAGE_URL "http://www.gnu.org/software/libgcc/"
| #define SIZEOF_DOUBLE 8
| #define SIZEOF_LONG_DOUBLE 12
| /* end confdefs.h.  */
| #include <sys/mman.h>
configure:4474: result: no
configure:4483: checking for grep that handles long lines and -e
configure:4541: result: /usr/bin/grep
configure:4546: checking for egrep
configure:4608: result: /usr/bin/grep -E
configure:4613: checking for ANSI C header files
configure:4633:  /home/azpep/桌面/i686-elf-toolkit/gcc-12.1.0/build/./gcc/xgcc -B/home/azpep/桌面/i686-elf-toolkit/gcc-12.1.0/build/./gcc/ -B/usr/local/i686-elf/bin/ -B/usr/local/i686-elf/lib/ -isystem /usr/local/i686-elf/include -isystem /usr/local/i686-elf/sys-include    -c -g -O2  conftest.c >&5
conftest.c:11:10: fatal error: stdlib.h: No such file or directory
   11 | #include <stdlib.h>
      |          ^~~~~~~~~~
compilation terminated.
configure:4633: $? = 1
configure: failed program was:
| /* confdefs.h */
| #define PACKAGE_NAME "GNU C Runtime Library"
| #define PACKAGE_TARNAME "libgcc"
| #define PACKAGE_VERSION "1.0"
| #define PACKAGE_STRING "GNU C Runtime Library 1.0"
| #define PACKAGE_BUGREPORT ""
| #define PACKAGE_URL "http://www.gnu.org/software/libgcc/"
| #define SIZEOF_DOUBLE 8
| #define SIZEOF_LONG_DOUBLE 12
| /* end confdefs.h.  */
| #include <stdlib.h>
| #include <stdarg.h>
| #include <string.h>
| #include <float.h>
| 
| int
| main ()
| {
| 
|   ;
|   return 0;
| }
configure:4717: result: no
configure:4727: checking whether decimal floating point is supported
configure:4749:  /home/azpep/桌面/i686-elf-toolkit/gcc-12.1.0/build/./gcc/xgcc -B/home/azpep/桌面/i686-elf-toolkit/gcc-12.1.0/build/./gcc/ -B/usr/local/i686-elf/bin/ -B/usr/local/i686-elf/lib/ -isystem /usr/local/i686-elf/include -isystem /usr/local/i686-elf/sys-include    -c -g -O2  conftest.c >&5
conftest.c:12:10: fatal error: fenv.h: No such file or directory
   12 | #include <fenv.h>
      |          ^~~~~~~~
compilation terminated.
configure:4749: $? = 1
configure: failed program was:
| /* confdefs.h */
| #define PACKAGE_NAME "GNU C Runtime Library"
| #define PACKAGE_TARNAME "libgcc"
| #define PACKAGE_VERSION "1.0"
| #define PACKAGE_STRING "GNU C Runtime Library 1.0"
| #define PACKAGE_BUGREPORT ""
| #define PACKAGE_URL "http://www.gnu.org/software/libgcc/"
| #define SIZEOF_DOUBLE 8
| #define SIZEOF_LONG_DOUBLE 12
| /* end confdefs.h.  */
| 
| #include <fenv.h>
| 
| int
| main ()
| {
| 
| _Decimal32 x;
| int fe_except =
|   FE_INVALID|FE_DIVBYZERO|FE_OVERFLOW|FE_UNDERFLOW|FE_INEXACT;
| 
|   ;
|   return 0;
| }
configure:4756: result: no
configure:4781: WARNING: decimal float is not supported for this target, ignored
configure:4814: checking whether fixed-point is supported
configure:4823:  /home/azpep/桌面/i686-elf-toolkit/gcc-12.1.0/build/./gcc/xgcc -B/home/azpep/桌面/i686-elf-toolkit/gcc-12.1.0/build/./gcc/ -B/usr/local/i686-elf/bin/ -B/usr/local/i686-elf/lib/ -isystem /usr/local/i686-elf/include -isystem /usr/local/i686-elf/sys-include    -c -g -O2  conftest.c >&5
conftest.c:11:6: error: fixed-point types not supported for this target
   11 | _Sat _Fract x;
      |      ^~~~~~
configure:4823: $? = 1
configure: failed program was:
| /* confdefs.h */
| #define PACKAGE_NAME "GNU C Runtime Library"
| #define PACKAGE_TARNAME "libgcc"
| #define PACKAGE_VERSION "1.0"
| #define PACKAGE_STRING "GNU C Runtime Library 1.0"
| #define PACKAGE_BUGREPORT ""
| #define PACKAGE_URL "http://www.gnu.org/software/libgcc/"
| #define SIZEOF_DOUBLE 8
| #define SIZEOF_LONG_DOUBLE 12
| /* end confdefs.h.  */
| _Sat _Fract x;
configure:4830: result: no
configure:4876: checking whether the compiler is configured for setjmp/longjmp exceptions
configure:4894:  /home/azpep/桌面/i686-elf-toolkit/gcc-12.1.0/build/./gcc/xgcc -B/home/azpep/桌面/i686-elf-toolkit/gcc-12.1.0/build/./gcc/ -B/usr/local/i686-elf/bin/ -B/usr/local/i686-elf/lib/ -isystem /usr/local/i686-elf/include -isystem /usr/local/i686-elf/sys-include    -c -g -O2  conftest.c >&5
configure:4894: $? = 0
configure:4901: result: no
configure:4917: checking for CET support
configure:4985: result: no
configure:5028: checking if the linker (/home/azpep/桌面/i686-elf-toolkit/gcc-12.1.0/build/./gcc/collect-ld) is GNU ld
GNU ld (GNU Binutils) 2.38
configure:5040: result: yes
configure:5045: checking for thread model used by GCC
configure:5048: result: single
configure:5052: checking whether assembler supports CFI directives
configure:5065:  /home/azpep/桌面/i686-elf-toolkit/gcc-12.1.0/build/./gcc/xgcc -B/home/azpep/桌面/i686-elf-toolkit/gcc-12.1.0/build/./gcc/ -B/usr/local/i686-elf/bin/ -B/usr/local/i686-elf/lib/ -isystem /usr/local/i686-elf/include -isystem /usr/local/i686-elf/sys-include    -c -g -O2  conftest.c >&5
configure:5065: $? = 0
configure:5072: result: yes
configure:5146: checking for target glibc version
configure:5160:  /home/azpep/桌面/i686-elf-toolkit/gcc-12.1.0/build/./gcc/xgcc -B/home/azpep/桌面/i686-elf-toolkit/gcc-12.1.0/build/./gcc/ -B/usr/local/i686-elf/bin/ -B/usr/local/i686-elf/lib/ -isystem /usr/local/i686-elf/include -isystem /usr/local/i686-elf/sys-include    -c -g -O2  conftest.c >&5
conftest.c:12:10: fatal error: features.h: No such file or directory
   12 | #include <features.h>
      |          ^~~~~~~~~~~~
compilation terminated.
configure:5160: $? = 1
configure: failed program was:
| /* confdefs.h */
| #define PACKAGE_NAME "GNU C Runtime Library"
| #define PACKAGE_TARNAME "libgcc"
| #define PACKAGE_VERSION "1.0"
| #define PACKAGE_STRING "GNU C Runtime Library 1.0"
| #define PACKAGE_BUGREPORT ""
| #define PACKAGE_URL "http://www.gnu.org/software/libgcc/"
| #define SIZEOF_DOUBLE 8
| #define SIZEOF_LONG_DOUBLE 12
| #define HAVE_GETIPINFO 1
| /* end confdefs.h.  */
| #include <features.h>
| int
| main ()
| {
| static int test_array [1 - 2 * !((__GLIBC__) >= 0)];
| test_array [0] = 0;
| return test_array [0];
| 
|   ;
|   return 0;
| }
configure:5160:  /home/azpep/桌面/i686-elf-toolkit/gcc-12.1.0/build/./gcc/xgcc -B/home/azpep/桌面/i686-elf-toolkit/gcc-12.1.0/build/./gcc/ -B/usr/local/i686-elf/bin/ -B/usr/local/i686-elf/lib/ -isystem /usr/local/i686-elf/include -isystem /usr/local/i686-elf/sys-include    -c -g -O2  conftest.c >&5
conftest.c:12:10: fatal error: features.h: No such file or directory
   12 | #include <features.h>
      |          ^~~~~~~~~~~~
compilation terminated.
configure:5160: $? = 1
configure: failed program was:
| /* confdefs.h */
| #define PACKAGE_NAME "GNU C Runtime Library"
| #define PACKAGE_TARNAME "libgcc"
| #define PACKAGE_VERSION "1.0"
| #define PACKAGE_STRING "GNU C Runtime Library 1.0"
| #define PACKAGE_BUGREPORT ""
| #define PACKAGE_URL "http://www.gnu.org/software/libgcc/"
| #define SIZEOF_DOUBLE 8
| #define SIZEOF_LONG_DOUBLE 12
| #define HAVE_GETIPINFO 1
| /* end confdefs.h.  */
| #include <features.h>
| int
| main ()
| {
| static int test_array [1 - 2 * !((__GLIBC__) < 0)];
| test_array [0] = 0;
| return test_array [0];
| 
|   ;
|   return 0;
| }
configure:5166:  /home/azpep/桌面/i686-elf-toolkit/gcc-12.1.0/build/./gcc/xgcc -B/home/azpep/桌面/i686-elf-toolkit/gcc-12.1.0/build/./gcc/ -B/usr/local/i686-elf/bin/ -B/usr/local/i686-elf/lib/ -isystem /usr/local/i686-elf/include -isystem /usr/local/i686-elf/sys-include    -c -g -O2  conftest.c >&5
conftest.c:12:10: fatal error: features.h: No such file or directory
   12 | #include <features.h>
      |          ^~~~~~~~~~~~
compilation terminated.
configure:5166: $? = 1
configure: failed program was:
| /* confdefs.h */
| #define PACKAGE_NAME "GNU C Runtime Library"
| #define PACKAGE_TARNAME "libgcc"
| #define PACKAGE_VERSION "1.0"
| #define PACKAGE_STRING "GNU C Runtime Library 1.0"
| #define PACKAGE_BUGREPORT ""
| #define PACKAGE_URL "http://www.gnu.org/software/libgcc/"
| #define SIZEOF_DOUBLE 8
| #define SIZEOF_LONG_DOUBLE 12
| #define HAVE_GETIPINFO 1
| /* end confdefs.h.  */
| #include <features.h>
| int
| main ()
| {
| static int test_array [1 - 2 * !((__GLIBC_MINOR__) >= 0)];
| test_array [0] = 0;
| return test_array [0];
| 
|   ;
|   return 0;
| }
configure:5166:  /home/azpep/桌面/i686-elf-toolkit/gcc-12.1.0/build/./gcc/xgcc -B/home/azpep/桌面/i686-elf-toolkit/gcc-12.1.0/build/./gcc/ -B/usr/local/i686-elf/bin/ -B/usr/local/i686-elf/lib/ -isystem /usr/local/i686-elf/include -isystem /usr/local/i686-elf/sys-include    -c -g -O2  conftest.c >&5
conftest.c:12:10: fatal error: features.h: No such file or directory
   12 | #include <features.h>
      |          ^~~~~~~~~~~~
compilation terminated.
configure:5166: $? = 1
configure: failed program was:
| /* confdefs.h */
| #define PACKAGE_NAME "GNU C Runtime Library"
| #define PACKAGE_TARNAME "libgcc"
| #define PACKAGE_VERSION "1.0"
| #define PACKAGE_STRING "GNU C Runtime Library 1.0"
| #define PACKAGE_BUGREPORT ""
| #define PACKAGE_URL "http://www.gnu.org/software/libgcc/"
| #define SIZEOF_DOUBLE 8
| #define SIZEOF_LONG_DOUBLE 12
| #define HAVE_GETIPINFO 1
| /* end confdefs.h.  */
| #include <features.h>
| int
| main ()
| {
| static int test_array [1 - 2 * !((__GLIBC_MINOR__) < 0)];
| test_array [0] = 0;
| return test_array [0];
| 
|   ;
|   return 0;
| }
configure:5174: result: 0.0
configure:5396: checking for __attribute__((visibility("hidden")))
configure:5405:  /home/azpep/桌面/i686-elf-toolkit/gcc-12.1.0/build/./gcc/xgcc -B/home/azpep/桌面/i686-elf-toolkit/gcc-12.1.0/build/./gcc/ -B/usr/local/i686-elf/bin/ -B/usr/local/i686-elf/lib/ -isystem /usr/local/i686-elf/include -isystem /usr/local/i686-elf/sys-include    -Werror -S conftest.c -o conftest.s 1>&5
configure:5408: $? = 0
configure:5417: result: yes
configure:5433: checking for .cfi_sections .debug_frame
configure:5443:  /home/azpep/桌面/i686-elf-toolkit/gcc-12.1.0/build/./gcc/xgcc -B/home/azpep/桌面/i686-elf-toolkit/gcc-12.1.0/build/./gcc/ -B/usr/local/i686-elf/bin/ -B/usr/local/i686-elf/lib/ -isystem /usr/local/i686-elf/include -isystem /usr/local/i686-elf/sys-include    -Werror -g -fno-asynchronous-unwind-tables -fno-unwind-tables -fno-exceptions -S conftest.c -o conftest.s 1>&5
configure:5446: $? = 0
configure:5455: result: yes
configure:5481: checking whether the target assembler supports thread-local storage
configure:5491:  /home/azpep/桌面/i686-elf-toolkit/gcc-12.1.0/build/./gcc/xgcc -B/home/azpep/桌面/i686-elf-toolkit/gcc-12.1.0/build/./gcc/ -B/usr/local/i686-elf/bin/ -B/usr/local/i686-elf/lib/ -isystem /usr/local/i686-elf/include -isystem /usr/local/i686-elf/sys-include    -c -g -O2  conftest.c >&5
configure:5491: $? = 0
configure:5499: result: yes
configure:5509: checking whether the thread-local storage support is from emutls
configure:5518:  /home/azpep/桌面/i686-elf-toolkit/gcc-12.1.0/build/./gcc/xgcc -B/home/azpep/桌面/i686-elf-toolkit/gcc-12.1.0/build/./gcc/ -B/usr/local/i686-elf/bin/ -B/usr/local/i686-elf/lib/ -isystem /usr/local/i686-elf/include -isystem /usr/local/i686-elf/sys-include    -Werror -S -o conftest.s conftest.c 1>&5
configure:5521: $? = 0
configure:5530: result: no
configure:5622: checking for init priority support
configure:5639:  /home/azpep/桌面/i686-elf-toolkit/gcc-12.1.0/build/./gcc/xgcc -B/home/azpep/桌面/i686-elf-toolkit/gcc-12.1.0/build/./gcc/ -B/usr/local/i686-elf/bin/ -B/usr/local/i686-elf/lib/ -isystem /usr/local/i686-elf/include -isystem /usr/local/i686-elf/sys-include    -c -g -O2  conftest.c >&5
conftest.c: In function 'main':
conftest.c:18:1: warning: constructor priorities from 0 to 100 are reserved for the implementation [-Wprio-ctor-dtor]
   18 | void ip (void) __attribute__ ((constructor (1)));
      | ^~~~
configure:5639: $? = 0
configure:5646: result: yes
configure:5792: updating cache ./config.cache
configure:5841: creating ./config.status

## ---------------------- ##
## Running config.status. ##
## ---------------------- ##

This file was extended by GNU C Runtime Library config.status 1.0, which was
generated by GNU Autoconf 2.69.  Invocation command line was

  CONFIG_FILES    = 
  CONFIG_HEADERS  = 
  CONFIG_LINKS    = 
  CONFIG_COMMANDS = 
  $ ./config.status 

on azpep-A68P

config.status:879: creating Makefile
config.status:879: creating auto-target.h
config.status:1053: executing default commands

## ---------------- ##
## Cache variables. ##
## ---------------- ##

ac_cv_build=x86_64-pc-linux-gnu
ac_cv_c_compiler_gnu=yes
ac_cv_env_CC_set=set
ac_cv_env_CC_value=' /home/azpep/桌面/i686-elf-toolkit/gcc-12.1.0/build/./gcc/xgcc -B/home/azpep/桌面/i686-elf-toolkit/gcc-12.1.0/build/./gcc/ -B/usr/local/i686-elf/bin/ -B/usr/local/i686-elf/lib/ -isystem /usr/local/i686-elf/include -isystem /usr/local/i686-elf/sys-include   '
ac_cv_env_CFLAGS_set=set
ac_cv_env_CFLAGS_value='-g -O2'
ac_cv_env_CPPFLAGS_set=set
ac_cv_env_CPPFLAGS_value=
ac_cv_env_CPP_set=
ac_cv_env_CPP_value=
ac_cv_env_LDFLAGS_set=set
ac_cv_env_LDFLAGS_value=
ac_cv_env_LIBS_set=
ac_cv_env_LIBS_value=
ac_cv_env_build_alias_set=set
ac_cv_env_build_alias_value=x86_64-pc-linux-gnu
ac_cv_env_host_alias_set=set
ac_cv_env_host_alias_value=i686-elf
ac_cv_env_target_alias_set=set
ac_cv_env_target_alias_value=i686-elf
ac_cv_header_ftw_h=no
ac_cv_header_inttypes_h=no
ac_cv_header_memory_h=no
ac_cv_header_stdc=no
ac_cv_header_stdint_h=no
ac_cv_header_stdlib_h=no
ac_cv_header_string_h=no
ac_cv_header_strings_h=no
ac_cv_header_sys_auxv_h=no
ac_cv_header_sys_mman_h=no
ac_cv_header_sys_stat_h=no
ac_cv_header_sys_types_h=no
ac_cv_header_unistd_h=no
ac_cv_host=i686-pc-elf
ac_cv_objext=o
ac_cv_path_EGREP='/usr/bin/grep -E'
ac_cv_path_GREP=/usr/bin/grep
ac_cv_path_install='/usr/bin/install -c'
ac_cv_prog_AR=/usr/local/i686-elf/bin/ar
ac_cv_prog_AWK=mawk
ac_cv_prog_CC=' /home/azpep/桌面/i686-elf-toolkit/gcc-12.1.0/build/./gcc/xgcc -B/home/azpep/桌面/i686-elf-toolkit/gcc-12.1.0/build/./gcc/ -B/usr/local/i686-elf/bin/ -B/usr/local/i686-elf/lib/ -isystem /usr/local/i686-elf/include -isystem /usr/local/i686-elf/sys-include   '
ac_cv_prog_CPP=' /home/azpep/桌面/i686-elf-toolkit/gcc-12.1.0/build/./gcc/xgcc -B/home/azpep/桌面/i686-elf-toolkit/gcc-12.1.0/build/./gcc/ -B/usr/local/i686-elf/bin/ -B/usr/local/i686-elf/lib/ -isystem /usr/local/i686-elf/include -isystem /usr/local/i686-elf/sys-include    -E'
ac_cv_prog_LIPO=i686-elf-lipo
ac_cv_prog_NM=/home/azpep/桌面/i686-elf-toolkit/gcc-12.1.0/build/./gcc/nm
ac_cv_prog_RANLIB=/usr/local/i686-elf/bin/ranlib
ac_cv_prog_STRIP=/usr/local/i686-elf/bin/strip
ac_cv_prog_cc_c89=no
ac_cv_prog_cc_g=yes
ac_cv_sizeof_double=8
ac_cv_sizeof_long_double=12
ac_cv_sjlj_exceptions=no
ac_cv_sys_file_offset_bits=unknown
ac_cv_sys_large_files=unknown
ac_cv_sys_largefile_CC=no
acl_cv_prog_gnu_ld=yes
gcc_cv_have_cc_tls=yes
gcc_cv_use_emutls=no
libgcc_cv_cfi=yes
libgcc_cv_cfi_sections_directive=yes
libgcc_cv_dfp=no
libgcc_cv_fixed_point=no
libgcc_cv_hidden_visibility_attribute=yes
libgcc_cv_init_priority=yes

## ----------------- ##
## Output variables. ##
## ----------------- ##

AR='/usr/local/i686-elf/bin/ar'
AWK='mawk'
CC=' /home/azpep/桌面/i686-elf-toolkit/gcc-12.1.0/build/./gcc/xgcc -B/home/azpep/桌面/i686-elf-toolkit/gcc-12.1.0/build/./gcc/ -B/usr/local/i686-elf/bin/ -B/usr/local/i686-elf/lib/ -isystem /usr/local/i686-elf/include -isystem /usr/local/i686-elf/sys-include   '
CET_FLAGS=''
CFLAGS='-g -O2'
CPP=' /home/azpep/桌面/i686-elf-toolkit/gcc-12.1.0/build/./gcc/xgcc -B/home/azpep/桌面/i686-elf-toolkit/gcc-12.1.0/build/./gcc/ -B/usr/local/i686-elf/bin/ -B/usr/local/i686-elf/lib/ -isystem /usr/local/i686-elf/include -isystem /usr/local/i686-elf/sys-include    -E'
CPPFLAGS=''
DEFS='-DHAVE_CONFIG_H'
ECHO_C=''
ECHO_N='-n'
ECHO_T=''
EGREP='/usr/bin/grep -E'
EXEEXT=''
GREP='/usr/bin/grep'
INSTALL_DATA='${INSTALL} -m 644'
INSTALL_PROGRAM='${INSTALL}'
INSTALL_SCRIPT='${INSTALL}'
LDFLAGS=''
LIBOBJS=''
LIBS=''
LIPO='i686-elf-lipo'
LN_S='ln -s'
LTLIBOBJS=''
MAINT='#'
NM='/home/azpep/桌面/i686-elf-toolkit/gcc-12.1.0/build/./gcc/nm'
OBJEXT='o'
PACKAGE_BUGREPORT=''
PACKAGE_NAME='GNU C Runtime Library'
PACKAGE_STRING='GNU C Runtime Library 1.0'
PACKAGE_TARNAME='libgcc'
PACKAGE_URL='http://www.gnu.org/software/libgcc/'
PACKAGE_VERSION='1.0'
PATH_SEPARATOR=':'
PICFLAG='-fpic'
RANLIB='/usr/local/i686-elf/bin/ranlib'
SHELL='/bin/bash'
STRIP='/usr/local/i686-elf/bin/strip'
ac_ct_CC=''
accel_dir_suffix=''
asm_hidden_op='.hidden'
bindir='${exec_prefix}/bin'
build='x86_64-pc-linux-gnu'
build_alias='x86_64-pc-linux-gnu'
build_cpu='x86_64'
build_libsubdir='build-x86_64-pc-linux-gnu'
build_os='linux-gnu'
build_subdir='build-x86_64-pc-linux-gnu'
build_vendor='pc'
cpu_type='i386'
datadir='${datarootdir}'
datarootdir='${prefix}/share'
decimal_float='no'
docdir='${datarootdir}/doc/${PACKAGE_TARNAME}'
double_type_size='64'
dvidir='${docdir}'
enable_decimal_float='no'
enable_execute_stack='enable-execute-stack-empty.c'
enable_gcov='yes'
enable_shared='yes'
enable_vtable_verify='no'
exec_prefix='${prefix}'
extra_parts='crtbegin.o crtend.o'
fixed_point='no'
force_explicit_eh_registry=''
get_gcc_base_ver='cat'
host='i686-pc-elf'
host_alias='i686-elf'
host_cpu='i686'
host_noncanonical='i686-elf'
host_os='elf'
host_subdir='.'
host_vendor='pc'
htmldir='${docdir}'
includedir='${prefix}/include'
infodir='${datarootdir}/info'
libdir='${exec_prefix}/lib'
libexecdir='${exec_prefix}/libexec'
libgcc_topdir='../../../libgcc/..'
localedir='${datarootdir}/locale'
localstatedir='${prefix}/var'
long_double_type_size='96'
mandir='${datarootdir}/man'
md_unwind_header='no-unwind.h'
oldincludedir='/usr/include'
pdfdir='${docdir}'
prefix='/usr/local'
program_transform_name='s&^&i686-elf-&'
psdir='${docdir}'
real_host_noncanonical='i686-elf'
sbindir='${exec_prefix}/sbin'
set_have_cc_tls='-DHAVE_CC_TLS'
set_use_emutls=''
sfp_machine_header='i386/sfp-machine.h'
sharedstatedir='${prefix}/com'
slibdir='$(exec_prefix)/$(host_noncanonical)/lib'
solaris_ld_v2_maps=''
sysconfdir='${prefix}/etc'
target_alias='i686-elf'
target_noncanonical='i686-elf'
target_subdir='i686-elf'
thread_header='gthr-single.h'
tm_defines=''
tm_file=''
tmake_file=' $(srcdir)/config/i386/t-crtstuff $(srcdir)/config/t-crtstuff-pic $(srcdir)/config/t-libgcc-pic $(srcdir)/config/i386/t-cpuinfo $(srcdir)/config/t-softfp-tf $(srcdir)/config/i386/32/t-softfp $(srcdir)/config/i386/t-softfp $(srcdir)/config/t-softfp'
toolexecdir='$(exec_prefix)/$(target_noncanonical)'
toolexeclibdir='$(toolexecdir)/lib'
unwind_header='unwind-generic.h'
use_tm_clone_registry=''
vis_hide='-fvisibility=hidden -DHIDE_EXPORTS'
with_aix_soname='aix'

## ----------- ##
## confdefs.h. ##
## ----------- ##

/* confdefs.h */
#define PACKAGE_NAME "GNU C Runtime Library"
#define PACKAGE_TARNAME "libgcc"
#define PACKAGE_VERSION "1.0"
#define PACKAGE_STRING "GNU C Runtime Library 1.0"
#define PACKAGE_BUGREPORT ""
#define PACKAGE_URL "http://www.gnu.org/software/libgcc/"
#define SIZEOF_DOUBLE 8
#define SIZEOF_LONG_DOUBLE 12
#define HAVE_GETIPINFO 1
#define AS_HIDDEN_DIRECTIVE .hidden
#define HAVE_AS_CFI_SECTIONS 1
#define HAVE_INIT_PRIORITY 1

configure: exit 0
